d:\projects\opencv\msopencv-module-imgcodecs\binwp8_1\modules\features2d\opencv_features2d.dir\debug\opencv_features2d300d.pch
d:\projects\opencv\msopencv-module-imgcodecs\binwp8_1\modules\features2d\opencv_features2d.dir\debug\vc120.pdb
d:\projects\opencv\msopencv-module-imgcodecs\binwp8_1\modules\features2d\opencv_features2d.dir\debug\opencv_features2d_pch.obj
d:\projects\opencv\msopencv-module-imgcodecs\binwp8_1\modules\features2d\opencv_features2d.dir\debug\bagofwords.obj
d:\projects\opencv\msopencv-module-imgcodecs\binwp8_1\modules\features2d\opencv_features2d.dir\debug\draw.obj
d:\projects\opencv\msopencv-module-imgcodecs\binwp8_1\modules\features2d\opencv_features2d.dir\debug\dynamic.obj
d:\projects\opencv\msopencv-module-imgcodecs\binwp8_1\modules\features2d\opencv_features2d.dir\debug\evaluation.obj
d:\projects\opencv\msopencv-module-imgcodecs\binwp8_1\modules\features2d\opencv_features2d.dir\debug\fast_score.obj
d:\projects\opencv\msopencv-module-imgcodecs\binwp8_1\modules\features2d\opencv_features2d.dir\debug\feature2d.obj
d:\projects\opencv\msopencv-module-imgcodecs\binwp8_1\modules\features2d\opencv_features2d.dir\debug\kazefeatures.obj
d:\projects\opencv\msopencv-module-imgcodecs\binwp8_1\modules\features2d\opencv_features2d.dir\debug\matchers.obj
d:\projects\opencv\msopencv-module-imgcodecs\binwp8_1\modules\features2d\opencv_features2d.dir\debug\opencl_kernels_features2d.obj
d:\projects\opencv\msopencv-module-imgcodecs\binwp8_1\modules\features2d\opencv_features2d.dir\debug\blobdetector.obj
d:\projects\opencv\msopencv-module-imgcodecs\binwp8_1\modules\features2d\opencv_features2d.dir\debug\gftt.obj
d:\projects\opencv\msopencv-module-imgcodecs\binwp8_1\modules\features2d\opencv_features2d.dir\debug\kaze.obj
d:\projects\opencv\msopencv-module-imgcodecs\binwp8_1\modules\features2d\opencv_features2d.dir\debug\keypoint.obj
d:\projects\opencv\msopencv-module-imgcodecs\binwp8_1\modules\features2d\opencv_features2d.dir\debug\mser.obj
d:\projects\opencv\msopencv-module-imgcodecs\binwp8_1\modules\features2d\opencv_features2d.dir\debug\akaze.obj
d:\projects\opencv\msopencv-module-imgcodecs\binwp8_1\modules\features2d\opencv_features2d.dir\debug\fast.obj
d:\projects\opencv\msopencv-module-imgcodecs\binwp8_1\modules\features2d\opencv_features2d.dir\debug\fed.obj
d:\projects\opencv\msopencv-module-imgcodecs\binwp8_1\modules\features2d\opencv_features2d.dir\debug\nldiffusion_functions.obj
d:\projects\opencv\msopencv-module-imgcodecs\binwp8_1\modules\features2d\opencv_features2d.dir\debug\orb.obj
d:\projects\opencv\msopencv-module-imgcodecs\binwp8_1\modules\features2d\opencv_features2d.dir\debug\brisk.obj
d:\projects\opencv\msopencv-module-imgcodecs\binwp8_1\modules\features2d\opencv_features2d.dir\debug\akazefeatures.obj
d:\projects\opencv\msopencv-module-imgcodecs\binwp8_1\modules\features2d\cmakefiles\generate.stamp
d:\projects\opencv\msopencv-module-imgcodecs\binwp8_1\modules\features2d\opencl_kernels_features2d.cpp
d:\projects\opencv\msopencv-module-imgcodecs\binwp8_1\modules\features2d\opencl_kernels_features2d.hpp
d:\projects\opencv\msopencv-module-imgcodecs\binwp8_1\bin\debug\opencv_features2d300d.dll
d:\projects\opencv\msopencv-module-imgcodecs\binwp8_1\modules\features2d\opencv_features2d.dir\debug\opencv_features2d300d.dll.intermediate.manifest
d:\projects\opencv\msopencv-module-imgcodecs\binwp8_1\bin\debug\opencv_features2d300d.pdb
d:\projects\opencv\msopencv-module-imgcodecs\binwp8_1\bin\debug\opencv_features2d300d.manifest
d:\projects\opencv\msopencv-module-imgcodecs\binwp8_1\lib\debug\opencv_features2d300d.lib
d:\projects\opencv\msopencv-module-imgcodecs\binwp8_1\lib\debug\opencv_features2d300d.exp
d:\projects\opencv\msopencv-module-imgcodecs\binwp8_1\modules\features2d\opencv_features2d.dir\debug\priconfig.xml
d:\projects\opencv\msopencv-module-imgcodecs\binwp8_1\modules\features2d\opencv_features2d.dir\debug\priconfig.xml.intermediate
d:\projects\opencv\msopencv-module-imgcodecs\binwp8_1\modules\features2d\opencv_features2d.dir\debug\layout.resfiles
d:\projects\opencv\msopencv-module-imgcodecs\binwp8_1\modules\features2d\opencv_features2d.dir\debug\layout.resfiles.intermediate
d:\projects\opencv\msopencv-module-imgcodecs\binwp8_1\modules\features2d\opencv_features2d.dir\debug\resources.resfiles
d:\projects\opencv\msopencv-module-imgcodecs\binwp8_1\modules\features2d\opencv_features2d.dir\debug\resources.resfiles.intermediate
d:\projects\opencv\msopencv-module-imgcodecs\binwp8_1\modules\features2d\opencv_features2d.dir\debug\pri.resfiles
d:\projects\opencv\msopencv-module-imgcodecs\binwp8_1\modules\features2d\opencv_features2d.dir\debug\pri.resfiles.intermediate
d:\projects\opencv\msopencv-module-imgcodecs\binwp8_1\bin\debug\opencv_features2d300d.pri
d:\projects\opencv\msopencv-module-imgcodecs\binwp8_1\modules\features2d\opencv_features2d.dir\debug\qualifiers.txt
d:\projects\opencv\msopencv-module-imgcodecs\binwp8_1\modules\features2d\opencv_features2d.dir\debug\qualifiers.txt.intermediate
d:\projects\opencv\msopencv-module-imgcodecs\binwp8_1\modules\features2d\opencv_features2d.dir\debug\multiplequalifiersperdimensionfound.txt
d:\projects\opencv\msopencv-module-imgcodecs\binwp8_1\modules\features2d\opencv_features2d.dir\debug\opencv_f.3fb4bdca.tlog\cl.command.1.tlog
d:\projects\opencv\msopencv-module-imgcodecs\binwp8_1\modules\features2d\opencv_features2d.dir\debug\opencv_f.3fb4bdca.tlog\cl.read.1.tlog
d:\projects\opencv\msopencv-module-imgcodecs\binwp8_1\modules\features2d\opencv_features2d.dir\debug\opencv_f.3fb4bdca.tlog\cl.write.1.tlog
d:\projects\opencv\msopencv-module-imgcodecs\binwp8_1\modules\features2d\opencv_features2d.dir\debug\opencv_f.3fb4bdca.tlog\custombuild.command.1.tlog
d:\projects\opencv\msopencv-module-imgcodecs\binwp8_1\modules\features2d\opencv_features2d.dir\debug\opencv_f.3fb4bdca.tlog\custombuild.read.1.tlog
d:\projects\opencv\msopencv-module-imgcodecs\binwp8_1\modules\features2d\opencv_features2d.dir\debug\opencv_f.3fb4bdca.tlog\custombuild.write.1.tlog
d:\projects\opencv\msopencv-module-imgcodecs\binwp8_1\modules\features2d\opencv_features2d.dir\debug\opencv_f.3fb4bdca.tlog\link.command.1.tlog
d:\projects\opencv\msopencv-module-imgcodecs\binwp8_1\modules\features2d\opencv_features2d.dir\debug\opencv_f.3fb4bdca.tlog\link.read.1.tlog
d:\projects\opencv\msopencv-module-imgcodecs\binwp8_1\modules\features2d\opencv_features2d.dir\debug\opencv_f.3fb4bdca.tlog\link.write.1.tlog
d:\projects\opencv\msopencv-module-imgcodecs\binwp8_1\modules\features2d\opencv_features2d.dir\debug\opencv_f.3fb4bdca.tlog\mt.command.1.tlog
d:\projects\opencv\msopencv-module-imgcodecs\binwp8_1\modules\features2d\opencv_features2d.dir\debug\opencv_f.3fb4bdca.tlog\mt.read.1.tlog
d:\projects\opencv\msopencv-module-imgcodecs\binwp8_1\modules\features2d\opencv_features2d.dir\debug\opencv_f.3fb4bdca.tlog\mt.write.1.tlog
d:\projects\opencv\msopencv-module-imgcodecs\binwp8_1\modules\features2d\opencv_features2d.dir\debug\opencv_f.3fb4bdca.tlog\opencv_features2d.read.1u.tlog
d:\projects\opencv\msopencv-module-imgcodecs\binwp8_1\modules\features2d\opencv_features2d.dir\debug\opencv_f.3fb4bdca.tlog\opencv_features2d.write.1u.tlog
