d:\projects\opencv\msopencv-module-imgcodecs\binwp8_1\modules\shape\opencv_shape.dir\debug\opencv_shape300d.pch
d:\projects\opencv\msopencv-module-imgcodecs\binwp8_1\modules\shape\opencv_shape.dir\debug\vc120.pdb
d:\projects\opencv\msopencv-module-imgcodecs\binwp8_1\modules\shape\opencv_shape.dir\debug\opencv_shape_pch.obj
d:\projects\opencv\msopencv-module-imgcodecs\binwp8_1\modules\shape\opencv_shape.dir\debug\emdl1.obj
d:\projects\opencv\msopencv-module-imgcodecs\binwp8_1\modules\shape\opencv_shape.dir\debug\aff_trans.obj
d:\projects\opencv\msopencv-module-imgcodecs\binwp8_1\modules\shape\opencv_shape.dir\debug\haus_dis.obj
d:\projects\opencv\msopencv-module-imgcodecs\binwp8_1\modules\shape\opencv_shape.dir\debug\precomp.obj
d:\projects\opencv\msopencv-module-imgcodecs\binwp8_1\modules\shape\opencv_shape.dir\debug\sc_dis.obj
d:\projects\opencv\msopencv-module-imgcodecs\binwp8_1\modules\shape\opencv_shape.dir\debug\hist_cost.obj
d:\projects\opencv\msopencv-module-imgcodecs\binwp8_1\modules\shape\opencv_shape.dir\debug\tps_trans.obj
d:\projects\opencv\msopencv-module-imgcodecs\binwp8_1\modules\shape\cmakefiles\generate.stamp
d:\projects\opencv\msopencv-module-imgcodecs\binwp8_1\bin\debug\opencv_shape300d.dll
d:\projects\opencv\msopencv-module-imgcodecs\binwp8_1\modules\shape\opencv_shape.dir\debug\opencv_shape300d.dll.intermediate.manifest
d:\projects\opencv\msopencv-module-imgcodecs\binwp8_1\bin\debug\opencv_shape300d.pdb
d:\projects\opencv\msopencv-module-imgcodecs\binwp8_1\bin\debug\opencv_shape300d.manifest
d:\projects\opencv\msopencv-module-imgcodecs\binwp8_1\lib\debug\opencv_shape300d.lib
d:\projects\opencv\msopencv-module-imgcodecs\binwp8_1\lib\debug\opencv_shape300d.exp
d:\projects\opencv\msopencv-module-imgcodecs\binwp8_1\modules\shape\opencv_shape.dir\debug\priconfig.xml
d:\projects\opencv\msopencv-module-imgcodecs\binwp8_1\modules\shape\opencv_shape.dir\debug\priconfig.xml.intermediate
d:\projects\opencv\msopencv-module-imgcodecs\binwp8_1\modules\shape\opencv_shape.dir\debug\layout.resfiles
d:\projects\opencv\msopencv-module-imgcodecs\binwp8_1\modules\shape\opencv_shape.dir\debug\layout.resfiles.intermediate
d:\projects\opencv\msopencv-module-imgcodecs\binwp8_1\modules\shape\opencv_shape.dir\debug\resources.resfiles
d:\projects\opencv\msopencv-module-imgcodecs\binwp8_1\modules\shape\opencv_shape.dir\debug\resources.resfiles.intermediate
d:\projects\opencv\msopencv-module-imgcodecs\binwp8_1\modules\shape\opencv_shape.dir\debug\pri.resfiles
d:\projects\opencv\msopencv-module-imgcodecs\binwp8_1\modules\shape\opencv_shape.dir\debug\pri.resfiles.intermediate
d:\projects\opencv\msopencv-module-imgcodecs\binwp8_1\bin\debug\opencv_shape300d.pri
d:\projects\opencv\msopencv-module-imgcodecs\binwp8_1\modules\shape\opencv_shape.dir\debug\qualifiers.txt
d:\projects\opencv\msopencv-module-imgcodecs\binwp8_1\modules\shape\opencv_shape.dir\debug\qualifiers.txt.intermediate
d:\projects\opencv\msopencv-module-imgcodecs\binwp8_1\modules\shape\opencv_shape.dir\debug\multiplequalifiersperdimensionfound.txt
d:\projects\opencv\msopencv-module-imgcodecs\binwp8_1\modules\shape\opencv_shape.dir\debug\opencv_shape.tlog\cl.command.1.tlog
d:\projects\opencv\msopencv-module-imgcodecs\binwp8_1\modules\shape\opencv_shape.dir\debug\opencv_shape.tlog\cl.read.1.tlog
d:\projects\opencv\msopencv-module-imgcodecs\binwp8_1\modules\shape\opencv_shape.dir\debug\opencv_shape.tlog\cl.write.1.tlog
d:\projects\opencv\msopencv-module-imgcodecs\binwp8_1\modules\shape\opencv_shape.dir\debug\opencv_shape.tlog\custombuild.command.1.tlog
d:\projects\opencv\msopencv-module-imgcodecs\binwp8_1\modules\shape\opencv_shape.dir\debug\opencv_shape.tlog\custombuild.read.1.tlog
d:\projects\opencv\msopencv-module-imgcodecs\binwp8_1\modules\shape\opencv_shape.dir\debug\opencv_shape.tlog\custombuild.write.1.tlog
d:\projects\opencv\msopencv-module-imgcodecs\binwp8_1\modules\shape\opencv_shape.dir\debug\opencv_shape.tlog\link.command.1.tlog
d:\projects\opencv\msopencv-module-imgcodecs\binwp8_1\modules\shape\opencv_shape.dir\debug\opencv_shape.tlog\link.read.1.tlog
d:\projects\opencv\msopencv-module-imgcodecs\binwp8_1\modules\shape\opencv_shape.dir\debug\opencv_shape.tlog\link.write.1.tlog
d:\projects\opencv\msopencv-module-imgcodecs\binwp8_1\modules\shape\opencv_shape.dir\debug\opencv_shape.tlog\mt.command.1.tlog
d:\projects\opencv\msopencv-module-imgcodecs\binwp8_1\modules\shape\opencv_shape.dir\debug\opencv_shape.tlog\mt.read.1.tlog
d:\projects\opencv\msopencv-module-imgcodecs\binwp8_1\modules\shape\opencv_shape.dir\debug\opencv_shape.tlog\mt.write.1.tlog
d:\projects\opencv\msopencv-module-imgcodecs\binwp8_1\modules\shape\opencv_shape.dir\debug\opencv_shape.tlog\opencv_shape.read.1u.tlog
d:\projects\opencv\msopencv-module-imgcodecs\binwp8_1\modules\shape\opencv_shape.dir\debug\opencv_shape.tlog\opencv_shape.write.1u.tlog
