d:\projects\opencv\msopencv-module-imgcodecs\binwp8_1\modules\stitching\opencv_stitching.dir\debug\opencv_stitching300d.pch
d:\projects\opencv\msopencv-module-imgcodecs\binwp8_1\modules\stitching\opencv_stitching.dir\debug\vc120.pdb
d:\projects\opencv\msopencv-module-imgcodecs\binwp8_1\modules\stitching\opencv_stitching.dir\debug\opencv_stitching_pch.obj
d:\projects\opencv\msopencv-module-imgcodecs\binwp8_1\modules\stitching\opencv_stitching.dir\debug\blenders.obj
d:\projects\opencv\msopencv-module-imgcodecs\binwp8_1\modules\stitching\opencv_stitching.dir\debug\motion_estimators.obj
d:\projects\opencv\msopencv-module-imgcodecs\binwp8_1\modules\stitching\opencv_stitching.dir\debug\camera.obj
d:\projects\opencv\msopencv-module-imgcodecs\binwp8_1\modules\stitching\opencv_stitching.dir\debug\matchers.obj
d:\projects\opencv\msopencv-module-imgcodecs\binwp8_1\modules\stitching\opencv_stitching.dir\debug\timelapsers.obj
d:\projects\opencv\msopencv-module-imgcodecs\binwp8_1\modules\stitching\opencv_stitching.dir\debug\util.obj
d:\projects\opencv\msopencv-module-imgcodecs\binwp8_1\modules\stitching\opencv_stitching.dir\debug\warpers.obj
d:\projects\opencv\msopencv-module-imgcodecs\binwp8_1\modules\stitching\opencv_stitching.dir\debug\opencl_kernels_stitching.obj
d:\projects\opencv\msopencv-module-imgcodecs\binwp8_1\modules\stitching\opencv_stitching.dir\debug\autocalib.obj
d:\projects\opencv\msopencv-module-imgcodecs\binwp8_1\modules\stitching\opencv_stitching.dir\debug\seam_finders.obj
d:\projects\opencv\msopencv-module-imgcodecs\binwp8_1\modules\stitching\opencv_stitching.dir\debug\exposure_compensate.obj
d:\projects\opencv\msopencv-module-imgcodecs\binwp8_1\modules\stitching\opencv_stitching.dir\debug\stitcher.obj
d:\projects\opencv\msopencv-module-imgcodecs\binwp8_1\modules\stitching\cmakefiles\generate.stamp
d:\projects\opencv\msopencv-module-imgcodecs\binwp8_1\modules\stitching\opencl_kernels_stitching.cpp
d:\projects\opencv\msopencv-module-imgcodecs\binwp8_1\modules\stitching\opencl_kernels_stitching.hpp
d:\projects\opencv\msopencv-module-imgcodecs\binwp8_1\bin\debug\opencv_stitching300d.dll
d:\projects\opencv\msopencv-module-imgcodecs\binwp8_1\modules\stitching\opencv_stitching.dir\debug\opencv_stitching300d.dll.intermediate.manifest
d:\projects\opencv\msopencv-module-imgcodecs\binwp8_1\bin\debug\opencv_stitching300d.pdb
d:\projects\opencv\msopencv-module-imgcodecs\binwp8_1\bin\debug\opencv_stitching300d.manifest
d:\projects\opencv\msopencv-module-imgcodecs\binwp8_1\lib\debug\opencv_stitching300d.lib
d:\projects\opencv\msopencv-module-imgcodecs\binwp8_1\lib\debug\opencv_stitching300d.exp
d:\projects\opencv\msopencv-module-imgcodecs\binwp8_1\modules\stitching\opencv_stitching.dir\debug\priconfig.xml
d:\projects\opencv\msopencv-module-imgcodecs\binwp8_1\modules\stitching\opencv_stitching.dir\debug\priconfig.xml.intermediate
d:\projects\opencv\msopencv-module-imgcodecs\binwp8_1\modules\stitching\opencv_stitching.dir\debug\layout.resfiles
d:\projects\opencv\msopencv-module-imgcodecs\binwp8_1\modules\stitching\opencv_stitching.dir\debug\layout.resfiles.intermediate
d:\projects\opencv\msopencv-module-imgcodecs\binwp8_1\modules\stitching\opencv_stitching.dir\debug\resources.resfiles
d:\projects\opencv\msopencv-module-imgcodecs\binwp8_1\modules\stitching\opencv_stitching.dir\debug\resources.resfiles.intermediate
d:\projects\opencv\msopencv-module-imgcodecs\binwp8_1\modules\stitching\opencv_stitching.dir\debug\pri.resfiles
d:\projects\opencv\msopencv-module-imgcodecs\binwp8_1\modules\stitching\opencv_stitching.dir\debug\pri.resfiles.intermediate
d:\projects\opencv\msopencv-module-imgcodecs\binwp8_1\bin\debug\opencv_stitching300d.pri
d:\projects\opencv\msopencv-module-imgcodecs\binwp8_1\modules\stitching\opencv_stitching.dir\debug\qualifiers.txt
d:\projects\opencv\msopencv-module-imgcodecs\binwp8_1\modules\stitching\opencv_stitching.dir\debug\qualifiers.txt.intermediate
d:\projects\opencv\msopencv-module-imgcodecs\binwp8_1\modules\stitching\opencv_stitching.dir\debug\multiplequalifiersperdimensionfound.txt
d:\projects\opencv\msopencv-module-imgcodecs\binwp8_1\modules\stitching\opencv_stitching.dir\debug\opencv_stitching.tlog\cl.command.1.tlog
d:\projects\opencv\msopencv-module-imgcodecs\binwp8_1\modules\stitching\opencv_stitching.dir\debug\opencv_stitching.tlog\cl.read.1.tlog
d:\projects\opencv\msopencv-module-imgcodecs\binwp8_1\modules\stitching\opencv_stitching.dir\debug\opencv_stitching.tlog\cl.write.1.tlog
d:\projects\opencv\msopencv-module-imgcodecs\binwp8_1\modules\stitching\opencv_stitching.dir\debug\opencv_stitching.tlog\custombuild.command.1.tlog
d:\projects\opencv\msopencv-module-imgcodecs\binwp8_1\modules\stitching\opencv_stitching.dir\debug\opencv_stitching.tlog\custombuild.read.1.tlog
d:\projects\opencv\msopencv-module-imgcodecs\binwp8_1\modules\stitching\opencv_stitching.dir\debug\opencv_stitching.tlog\custombuild.write.1.tlog
d:\projects\opencv\msopencv-module-imgcodecs\binwp8_1\modules\stitching\opencv_stitching.dir\debug\opencv_stitching.tlog\link.command.1.tlog
d:\projects\opencv\msopencv-module-imgcodecs\binwp8_1\modules\stitching\opencv_stitching.dir\debug\opencv_stitching.tlog\link.read.1.tlog
d:\projects\opencv\msopencv-module-imgcodecs\binwp8_1\modules\stitching\opencv_stitching.dir\debug\opencv_stitching.tlog\link.write.1.tlog
d:\projects\opencv\msopencv-module-imgcodecs\binwp8_1\modules\stitching\opencv_stitching.dir\debug\opencv_stitching.tlog\mt.command.1.tlog
d:\projects\opencv\msopencv-module-imgcodecs\binwp8_1\modules\stitching\opencv_stitching.dir\debug\opencv_stitching.tlog\mt.read.1.tlog
d:\projects\opencv\msopencv-module-imgcodecs\binwp8_1\modules\stitching\opencv_stitching.dir\debug\opencv_stitching.tlog\mt.write.1.tlog
d:\projects\opencv\msopencv-module-imgcodecs\binwp8_1\modules\stitching\opencv_stitching.dir\debug\opencv_stitching.tlog\opencv_stitching.read.1u.tlog
d:\projects\opencv\msopencv-module-imgcodecs\binwp8_1\modules\stitching\opencv_stitching.dir\debug\opencv_stitching.tlog\opencv_stitching.write.1u.tlog
