d:\projects\opencv\msopencv-module-imgcodecs\binwp8_1\modules\imgproc\opencv_imgproc.dir\debug\opencv_imgproc300d.pch
d:\projects\opencv\msopencv-module-imgcodecs\binwp8_1\modules\imgproc\opencv_imgproc.dir\debug\vc120.pdb
d:\projects\opencv\msopencv-module-imgcodecs\binwp8_1\modules\imgproc\opencv_imgproc.dir\debug\opencv_imgproc_pch.obj
d:\projects\opencv\msopencv-module-imgcodecs\binwp8_1\modules\imgproc\opencv_imgproc.dir\debug\approx.obj
d:\projects\opencv\msopencv-module-imgcodecs\binwp8_1\modules\imgproc\opencv_imgproc.dir\debug\color.obj
d:\projects\opencv\msopencv-module-imgcodecs\binwp8_1\modules\imgproc\opencv_imgproc.dir\debug\distransform.obj
d:\projects\opencv\msopencv-module-imgcodecs\binwp8_1\modules\imgproc\opencv_imgproc.dir\debug\emd.obj
d:\projects\opencv\msopencv-module-imgcodecs\binwp8_1\modules\imgproc\opencv_imgproc.dir\debug\featureselect.obj
d:\projects\opencv\msopencv-module-imgcodecs\binwp8_1\modules\imgproc\opencv_imgproc.dir\debug\hershey_fonts.obj
d:\projects\opencv\msopencv-module-imgcodecs\binwp8_1\modules\imgproc\opencv_imgproc.dir\debug\histogram.obj
d:\projects\opencv\msopencv-module-imgcodecs\binwp8_1\modules\imgproc\opencv_imgproc.dir\debug\intersection.obj
d:\projects\opencv\msopencv-module-imgcodecs\binwp8_1\modules\imgproc\opencv_imgproc.dir\debug\matchcontours.obj
d:\projects\opencv\msopencv-module-imgcodecs\binwp8_1\modules\imgproc\opencv_imgproc.dir\debug\min_enclosing_triangle.obj
d:\projects\opencv\msopencv-module-imgcodecs\binwp8_1\modules\imgproc\opencv_imgproc.dir\debug\morph.obj
d:\projects\opencv\msopencv-module-imgcodecs\binwp8_1\modules\imgproc\opencv_imgproc.dir\debug\utils.obj
d:\projects\opencv\msopencv-module-imgcodecs\binwp8_1\modules\imgproc\opencv_imgproc.dir\debug\blend.obj
d:\projects\opencv\msopencv-module-imgcodecs\binwp8_1\modules\imgproc\opencv_imgproc.dir\debug\clahe.obj
d:\projects\opencv\msopencv-module-imgcodecs\binwp8_1\modules\imgproc\opencv_imgproc.dir\debug\contours.obj
d:\projects\opencv\msopencv-module-imgcodecs\binwp8_1\modules\imgproc\opencv_imgproc.dir\debug\corner.obj
d:\projects\opencv\msopencv-module-imgcodecs\binwp8_1\modules\imgproc\opencv_imgproc.dir\debug\cornersubpix.obj
d:\projects\opencv\msopencv-module-imgcodecs\binwp8_1\modules\imgproc\opencv_imgproc.dir\debug\demosaicing.obj
d:\projects\opencv\msopencv-module-imgcodecs\binwp8_1\modules\imgproc\opencv_imgproc.dir\debug\deriv.obj
d:\projects\opencv\msopencv-module-imgcodecs\binwp8_1\modules\imgproc\opencv_imgproc.dir\debug\drawing.obj
d:\projects\opencv\msopencv-module-imgcodecs\binwp8_1\modules\imgproc\opencv_imgproc.dir\debug\floodfill.obj
d:\projects\opencv\msopencv-module-imgcodecs\binwp8_1\modules\imgproc\opencv_imgproc.dir\debug\geometry.obj
d:\projects\opencv\msopencv-module-imgcodecs\binwp8_1\modules\imgproc\opencv_imgproc.dir\debug\grabcut.obj
d:\projects\opencv\msopencv-module-imgcodecs\binwp8_1\modules\imgproc\opencv_imgproc.dir\debug\hough.obj
d:\projects\opencv\msopencv-module-imgcodecs\binwp8_1\modules\imgproc\opencv_imgproc.dir\debug\moments.obj
d:\projects\opencv\msopencv-module-imgcodecs\binwp8_1\modules\imgproc\opencv_imgproc.dir\debug\phasecorr.obj
d:\projects\opencv\msopencv-module-imgcodecs\binwp8_1\modules\imgproc\opencv_imgproc.dir\debug\pyramids.obj
d:\projects\opencv\msopencv-module-imgcodecs\binwp8_1\modules\imgproc\opencv_imgproc.dir\debug\samplers.obj
d:\projects\opencv\msopencv-module-imgcodecs\binwp8_1\modules\imgproc\opencv_imgproc.dir\debug\smooth.obj
d:\projects\opencv\msopencv-module-imgcodecs\binwp8_1\modules\imgproc\opencv_imgproc.dir\debug\accum.obj
d:\projects\opencv\msopencv-module-imgcodecs\binwp8_1\modules\imgproc\opencv_imgproc.dir\debug\connectedcomponents.obj
d:\projects\opencv\msopencv-module-imgcodecs\binwp8_1\modules\imgproc\opencv_imgproc.dir\debug\convhull.obj
d:\projects\opencv\msopencv-module-imgcodecs\binwp8_1\modules\imgproc\opencv_imgproc.dir\debug\gabor.obj
d:\projects\opencv\msopencv-module-imgcodecs\binwp8_1\modules\imgproc\opencv_imgproc.dir\debug\generalized_hough.obj
d:\projects\opencv\msopencv-module-imgcodecs\binwp8_1\modules\imgproc\opencv_imgproc.dir\debug\linefit.obj
d:\projects\opencv\msopencv-module-imgcodecs\binwp8_1\modules\imgproc\opencv_imgproc.dir\debug\lsd.obj
d:\projects\opencv\msopencv-module-imgcodecs\binwp8_1\modules\imgproc\opencv_imgproc.dir\debug\shapedescr.obj
d:\projects\opencv\msopencv-module-imgcodecs\binwp8_1\modules\imgproc\opencv_imgproc.dir\debug\subdivision2d.obj
d:\projects\opencv\msopencv-module-imgcodecs\binwp8_1\modules\imgproc\opencv_imgproc.dir\debug\opencl_kernels_imgproc.obj
d:\projects\opencv\msopencv-module-imgcodecs\binwp8_1\modules\imgproc\opencv_imgproc.dir\debug\canny.obj
d:\projects\opencv\msopencv-module-imgcodecs\binwp8_1\modules\imgproc\opencv_imgproc.dir\debug\colormap.obj
d:\projects\opencv\msopencv-module-imgcodecs\binwp8_1\modules\imgproc\opencv_imgproc.dir\debug\filter.obj
d:\projects\opencv\msopencv-module-imgcodecs\binwp8_1\modules\imgproc\opencv_imgproc.dir\debug\imgwarp.obj
d:\projects\opencv\msopencv-module-imgcodecs\binwp8_1\modules\imgproc\opencv_imgproc.dir\debug\rotcalipers.obj
d:\projects\opencv\msopencv-module-imgcodecs\binwp8_1\modules\imgproc\opencv_imgproc.dir\debug\segmentation.obj
d:\projects\opencv\msopencv-module-imgcodecs\binwp8_1\modules\imgproc\opencv_imgproc.dir\debug\sumpixels.obj
d:\projects\opencv\msopencv-module-imgcodecs\binwp8_1\modules\imgproc\opencv_imgproc.dir\debug\tables.obj
d:\projects\opencv\msopencv-module-imgcodecs\binwp8_1\modules\imgproc\opencv_imgproc.dir\debug\templmatch.obj
d:\projects\opencv\msopencv-module-imgcodecs\binwp8_1\modules\imgproc\opencv_imgproc.dir\debug\thresh.obj
d:\projects\opencv\msopencv-module-imgcodecs\binwp8_1\modules\imgproc\opencv_imgproc.dir\debug\undistort.obj
d:\projects\opencv\msopencv-module-imgcodecs\binwp8_1\modules\imgproc\cmakefiles\generate.stamp
d:\projects\opencv\msopencv-module-imgcodecs\binwp8_1\modules\imgproc\opencl_kernels_imgproc.cpp
d:\projects\opencv\msopencv-module-imgcodecs\binwp8_1\modules\imgproc\opencl_kernels_imgproc.hpp
d:\projects\opencv\msopencv-module-imgcodecs\binwp8_1\bin\debug\opencv_imgproc300d.dll
d:\projects\opencv\msopencv-module-imgcodecs\binwp8_1\modules\imgproc\opencv_imgproc.dir\debug\opencv_imgproc300d.dll.intermediate.manifest
d:\projects\opencv\msopencv-module-imgcodecs\binwp8_1\bin\debug\opencv_imgproc300d.pdb
d:\projects\opencv\msopencv-module-imgcodecs\binwp8_1\bin\debug\opencv_imgproc300d.manifest
d:\projects\opencv\msopencv-module-imgcodecs\binwp8_1\lib\debug\opencv_imgproc300d.lib
d:\projects\opencv\msopencv-module-imgcodecs\binwp8_1\lib\debug\opencv_imgproc300d.exp
d:\projects\opencv\msopencv-module-imgcodecs\binwp8_1\modules\imgproc\opencv_imgproc.dir\debug\priconfig.xml
d:\projects\opencv\msopencv-module-imgcodecs\binwp8_1\modules\imgproc\opencv_imgproc.dir\debug\priconfig.xml.intermediate
d:\projects\opencv\msopencv-module-imgcodecs\binwp8_1\modules\imgproc\opencv_imgproc.dir\debug\layout.resfiles
d:\projects\opencv\msopencv-module-imgcodecs\binwp8_1\modules\imgproc\opencv_imgproc.dir\debug\layout.resfiles.intermediate
d:\projects\opencv\msopencv-module-imgcodecs\binwp8_1\modules\imgproc\opencv_imgproc.dir\debug\resources.resfiles
d:\projects\opencv\msopencv-module-imgcodecs\binwp8_1\modules\imgproc\opencv_imgproc.dir\debug\resources.resfiles.intermediate
d:\projects\opencv\msopencv-module-imgcodecs\binwp8_1\modules\imgproc\opencv_imgproc.dir\debug\pri.resfiles
d:\projects\opencv\msopencv-module-imgcodecs\binwp8_1\modules\imgproc\opencv_imgproc.dir\debug\pri.resfiles.intermediate
d:\projects\opencv\msopencv-module-imgcodecs\binwp8_1\bin\debug\opencv_imgproc300d.pri
d:\projects\opencv\msopencv-module-imgcodecs\binwp8_1\modules\imgproc\opencv_imgproc.dir\debug\qualifiers.txt
d:\projects\opencv\msopencv-module-imgcodecs\binwp8_1\modules\imgproc\opencv_imgproc.dir\debug\qualifiers.txt.intermediate
d:\projects\opencv\msopencv-module-imgcodecs\binwp8_1\modules\imgproc\opencv_imgproc.dir\debug\multiplequalifiersperdimensionfound.txt
d:\projects\opencv\msopencv-module-imgcodecs\binwp8_1\modules\imgproc\opencv_imgproc.dir\debug\opencv_imgproc.tlog\cl.command.1.tlog
d:\projects\opencv\msopencv-module-imgcodecs\binwp8_1\modules\imgproc\opencv_imgproc.dir\debug\opencv_imgproc.tlog\cl.read.1.tlog
d:\projects\opencv\msopencv-module-imgcodecs\binwp8_1\modules\imgproc\opencv_imgproc.dir\debug\opencv_imgproc.tlog\cl.write.1.tlog
d:\projects\opencv\msopencv-module-imgcodecs\binwp8_1\modules\imgproc\opencv_imgproc.dir\debug\opencv_imgproc.tlog\custombuild.command.1.tlog
d:\projects\opencv\msopencv-module-imgcodecs\binwp8_1\modules\imgproc\opencv_imgproc.dir\debug\opencv_imgproc.tlog\custombuild.read.1.tlog
d:\projects\opencv\msopencv-module-imgcodecs\binwp8_1\modules\imgproc\opencv_imgproc.dir\debug\opencv_imgproc.tlog\custombuild.write.1.tlog
d:\projects\opencv\msopencv-module-imgcodecs\binwp8_1\modules\imgproc\opencv_imgproc.dir\debug\opencv_imgproc.tlog\link.command.1.tlog
d:\projects\opencv\msopencv-module-imgcodecs\binwp8_1\modules\imgproc\opencv_imgproc.dir\debug\opencv_imgproc.tlog\link.read.1.tlog
d:\projects\opencv\msopencv-module-imgcodecs\binwp8_1\modules\imgproc\opencv_imgproc.dir\debug\opencv_imgproc.tlog\link.write.1.tlog
d:\projects\opencv\msopencv-module-imgcodecs\binwp8_1\modules\imgproc\opencv_imgproc.dir\debug\opencv_imgproc.tlog\mt.command.1.tlog
d:\projects\opencv\msopencv-module-imgcodecs\binwp8_1\modules\imgproc\opencv_imgproc.dir\debug\opencv_imgproc.tlog\mt.read.1.tlog
d:\projects\opencv\msopencv-module-imgcodecs\binwp8_1\modules\imgproc\opencv_imgproc.dir\debug\opencv_imgproc.tlog\mt.write.1.tlog
d:\projects\opencv\msopencv-module-imgcodecs\binwp8_1\modules\imgproc\opencv_imgproc.dir\debug\opencv_imgproc.tlog\opencv_imgproc.read.1u.tlog
d:\projects\opencv\msopencv-module-imgcodecs\binwp8_1\modules\imgproc\opencv_imgproc.dir\debug\opencv_imgproc.tlog\opencv_imgproc.write.1u.tlog
