d:\projects\opencv\msopencv-module-imgcodecs\binwp8_1\modules\calib3d\opencv_calib3d.dir\debug\opencv_calib3d300d.pch
d:\projects\opencv\msopencv-module-imgcodecs\binwp8_1\modules\calib3d\opencv_calib3d.dir\debug\vc120.pdb
d:\projects\opencv\msopencv-module-imgcodecs\binwp8_1\modules\calib3d\opencv_calib3d.dir\debug\opencv_calib3d_pch.obj
d:\projects\opencv\msopencv-module-imgcodecs\binwp8_1\modules\calib3d\opencv_calib3d.dir\debug\checkchessboard.obj
d:\projects\opencv\msopencv-module-imgcodecs\binwp8_1\modules\calib3d\opencv_calib3d.dir\debug\compat_ptsetreg.obj
d:\projects\opencv\msopencv-module-imgcodecs\binwp8_1\modules\calib3d\opencv_calib3d.dir\debug\compat_stereo.obj
d:\projects\opencv\msopencv-module-imgcodecs\binwp8_1\modules\calib3d\opencv_calib3d.dir\debug\dls.obj
d:\projects\opencv\msopencv-module-imgcodecs\binwp8_1\modules\calib3d\opencv_calib3d.dir\debug\five-point.obj
d:\projects\opencv\msopencv-module-imgcodecs\binwp8_1\modules\calib3d\opencv_calib3d.dir\debug\polynom_solver.obj
d:\projects\opencv\msopencv-module-imgcodecs\binwp8_1\modules\calib3d\opencv_calib3d.dir\debug\solvepnp.obj
d:\projects\opencv\msopencv-module-imgcodecs\binwp8_1\modules\calib3d\opencv_calib3d.dir\debug\circlesgrid.obj
d:\projects\opencv\msopencv-module-imgcodecs\binwp8_1\modules\calib3d\opencv_calib3d.dir\debug\homography_decomp.obj
d:\projects\opencv\msopencv-module-imgcodecs\binwp8_1\modules\calib3d\opencv_calib3d.dir\debug\posit.obj
d:\projects\opencv\msopencv-module-imgcodecs\binwp8_1\modules\calib3d\opencv_calib3d.dir\debug\ptsetreg.obj
d:\projects\opencv\msopencv-module-imgcodecs\binwp8_1\modules\calib3d\opencv_calib3d.dir\debug\upnp.obj
d:\projects\opencv\msopencv-module-imgcodecs\binwp8_1\modules\calib3d\opencv_calib3d.dir\debug\calibinit.obj
d:\projects\opencv\msopencv-module-imgcodecs\binwp8_1\modules\calib3d\opencv_calib3d.dir\debug\fisheye.obj
d:\projects\opencv\msopencv-module-imgcodecs\binwp8_1\modules\calib3d\opencv_calib3d.dir\debug\fundam.obj
d:\projects\opencv\msopencv-module-imgcodecs\binwp8_1\modules\calib3d\opencv_calib3d.dir\debug\quadsubpix.obj
d:\projects\opencv\msopencv-module-imgcodecs\binwp8_1\modules\calib3d\opencv_calib3d.dir\debug\triangulate.obj
d:\projects\opencv\msopencv-module-imgcodecs\binwp8_1\modules\calib3d\opencv_calib3d.dir\debug\calibration.obj
d:\projects\opencv\msopencv-module-imgcodecs\binwp8_1\modules\calib3d\opencv_calib3d.dir\debug\epnp.obj
d:\projects\opencv\msopencv-module-imgcodecs\binwp8_1\modules\calib3d\opencv_calib3d.dir\debug\levmarq.obj
d:\projects\opencv\msopencv-module-imgcodecs\binwp8_1\modules\calib3d\opencv_calib3d.dir\debug\p3p.obj
d:\projects\opencv\msopencv-module-imgcodecs\binwp8_1\modules\calib3d\opencv_calib3d.dir\debug\stereobm.obj
d:\projects\opencv\msopencv-module-imgcodecs\binwp8_1\modules\calib3d\opencv_calib3d.dir\debug\stereosgbm.obj
d:\projects\opencv\msopencv-module-imgcodecs\binwp8_1\modules\calib3d\opencv_calib3d.dir\debug\opencl_kernels_calib3d.obj
d:\projects\opencv\msopencv-module-imgcodecs\binwp8_1\modules\calib3d\cmakefiles\generate.stamp
d:\projects\opencv\msopencv-module-imgcodecs\binwp8_1\modules\calib3d\opencl_kernels_calib3d.cpp
d:\projects\opencv\msopencv-module-imgcodecs\binwp8_1\modules\calib3d\opencl_kernels_calib3d.hpp
d:\projects\opencv\msopencv-module-imgcodecs\binwp8_1\bin\debug\opencv_calib3d300d.dll
d:\projects\opencv\msopencv-module-imgcodecs\binwp8_1\modules\calib3d\opencv_calib3d.dir\debug\opencv_calib3d300d.dll.intermediate.manifest
d:\projects\opencv\msopencv-module-imgcodecs\binwp8_1\bin\debug\opencv_calib3d300d.pdb
d:\projects\opencv\msopencv-module-imgcodecs\binwp8_1\bin\debug\opencv_calib3d300d.manifest
d:\projects\opencv\msopencv-module-imgcodecs\binwp8_1\lib\debug\opencv_calib3d300d.lib
d:\projects\opencv\msopencv-module-imgcodecs\binwp8_1\lib\debug\opencv_calib3d300d.exp
d:\projects\opencv\msopencv-module-imgcodecs\binwp8_1\modules\calib3d\opencv_calib3d.dir\debug\priconfig.xml
d:\projects\opencv\msopencv-module-imgcodecs\binwp8_1\modules\calib3d\opencv_calib3d.dir\debug\priconfig.xml.intermediate
d:\projects\opencv\msopencv-module-imgcodecs\binwp8_1\modules\calib3d\opencv_calib3d.dir\debug\layout.resfiles
d:\projects\opencv\msopencv-module-imgcodecs\binwp8_1\modules\calib3d\opencv_calib3d.dir\debug\layout.resfiles.intermediate
d:\projects\opencv\msopencv-module-imgcodecs\binwp8_1\modules\calib3d\opencv_calib3d.dir\debug\resources.resfiles
d:\projects\opencv\msopencv-module-imgcodecs\binwp8_1\modules\calib3d\opencv_calib3d.dir\debug\resources.resfiles.intermediate
d:\projects\opencv\msopencv-module-imgcodecs\binwp8_1\modules\calib3d\opencv_calib3d.dir\debug\pri.resfiles
d:\projects\opencv\msopencv-module-imgcodecs\binwp8_1\modules\calib3d\opencv_calib3d.dir\debug\pri.resfiles.intermediate
d:\projects\opencv\msopencv-module-imgcodecs\binwp8_1\bin\debug\opencv_calib3d300d.pri
d:\projects\opencv\msopencv-module-imgcodecs\binwp8_1\modules\calib3d\opencv_calib3d.dir\debug\qualifiers.txt
d:\projects\opencv\msopencv-module-imgcodecs\binwp8_1\modules\calib3d\opencv_calib3d.dir\debug\qualifiers.txt.intermediate
d:\projects\opencv\msopencv-module-imgcodecs\binwp8_1\modules\calib3d\opencv_calib3d.dir\debug\multiplequalifiersperdimensionfound.txt
d:\projects\opencv\msopencv-module-imgcodecs\binwp8_1\modules\calib3d\opencv_calib3d.dir\debug\opencv_calib3d.tlog\cl.command.1.tlog
d:\projects\opencv\msopencv-module-imgcodecs\binwp8_1\modules\calib3d\opencv_calib3d.dir\debug\opencv_calib3d.tlog\cl.read.1.tlog
d:\projects\opencv\msopencv-module-imgcodecs\binwp8_1\modules\calib3d\opencv_calib3d.dir\debug\opencv_calib3d.tlog\cl.write.1.tlog
d:\projects\opencv\msopencv-module-imgcodecs\binwp8_1\modules\calib3d\opencv_calib3d.dir\debug\opencv_calib3d.tlog\custombuild.command.1.tlog
d:\projects\opencv\msopencv-module-imgcodecs\binwp8_1\modules\calib3d\opencv_calib3d.dir\debug\opencv_calib3d.tlog\custombuild.read.1.tlog
d:\projects\opencv\msopencv-module-imgcodecs\binwp8_1\modules\calib3d\opencv_calib3d.dir\debug\opencv_calib3d.tlog\custombuild.write.1.tlog
d:\projects\opencv\msopencv-module-imgcodecs\binwp8_1\modules\calib3d\opencv_calib3d.dir\debug\opencv_calib3d.tlog\link.command.1.tlog
d:\projects\opencv\msopencv-module-imgcodecs\binwp8_1\modules\calib3d\opencv_calib3d.dir\debug\opencv_calib3d.tlog\link.read.1.tlog
d:\projects\opencv\msopencv-module-imgcodecs\binwp8_1\modules\calib3d\opencv_calib3d.dir\debug\opencv_calib3d.tlog\link.write.1.tlog
d:\projects\opencv\msopencv-module-imgcodecs\binwp8_1\modules\calib3d\opencv_calib3d.dir\debug\opencv_calib3d.tlog\mt.command.1.tlog
d:\projects\opencv\msopencv-module-imgcodecs\binwp8_1\modules\calib3d\opencv_calib3d.dir\debug\opencv_calib3d.tlog\mt.read.1.tlog
d:\projects\opencv\msopencv-module-imgcodecs\binwp8_1\modules\calib3d\opencv_calib3d.dir\debug\opencv_calib3d.tlog\mt.write.1.tlog
d:\projects\opencv\msopencv-module-imgcodecs\binwp8_1\modules\calib3d\opencv_calib3d.dir\debug\opencv_calib3d.tlog\opencv_calib3d.read.1u.tlog
d:\projects\opencv\msopencv-module-imgcodecs\binwp8_1\modules\calib3d\opencv_calib3d.dir\debug\opencv_calib3d.tlog\opencv_calib3d.write.1u.tlog
