d:\projects\opencv\msopencv-module-imgcodecs\binwp8_1\modules\videostab\opencv_videostab.dir\debug\opencv_videostab300d.pch
d:\projects\opencv\msopencv-module-imgcodecs\binwp8_1\modules\videostab\opencv_videostab.dir\debug\vc120.pdb
d:\projects\opencv\msopencv-module-imgcodecs\binwp8_1\modules\videostab\opencv_videostab.dir\debug\opencv_videostab_pch.obj
d:\projects\opencv\msopencv-module-imgcodecs\binwp8_1\modules\videostab\opencv_videostab.dir\debug\fast_marching.obj
d:\projects\opencv\msopencv-module-imgcodecs\binwp8_1\modules\videostab\opencv_videostab.dir\debug\log.obj
d:\projects\opencv\msopencv-module-imgcodecs\binwp8_1\modules\videostab\opencv_videostab.dir\debug\motion_stabilizing.obj
d:\projects\opencv\msopencv-module-imgcodecs\binwp8_1\modules\videostab\opencv_videostab.dir\debug\frame_source.obj
d:\projects\opencv\msopencv-module-imgcodecs\binwp8_1\modules\videostab\opencv_videostab.dir\debug\inpainting.obj
d:\projects\opencv\msopencv-module-imgcodecs\binwp8_1\modules\videostab\opencv_videostab.dir\debug\deblurring.obj
d:\projects\opencv\msopencv-module-imgcodecs\binwp8_1\modules\videostab\opencv_videostab.dir\debug\optical_flow.obj
d:\projects\opencv\msopencv-module-imgcodecs\binwp8_1\modules\videostab\opencv_videostab.dir\debug\outlier_rejection.obj
d:\projects\opencv\msopencv-module-imgcodecs\binwp8_1\modules\videostab\opencv_videostab.dir\debug\wobble_suppression.obj
d:\projects\opencv\msopencv-module-imgcodecs\binwp8_1\modules\videostab\opencv_videostab.dir\debug\global_motion.obj
d:\projects\opencv\msopencv-module-imgcodecs\binwp8_1\modules\videostab\opencv_videostab.dir\debug\stabilizer.obj
d:\projects\opencv\msopencv-module-imgcodecs\binwp8_1\modules\videostab\cmakefiles\generate.stamp
d:\projects\opencv\msopencv-module-imgcodecs\binwp8_1\bin\debug\opencv_videostab300d.dll
d:\projects\opencv\msopencv-module-imgcodecs\binwp8_1\modules\videostab\opencv_videostab.dir\debug\opencv_videostab300d.dll.intermediate.manifest
d:\projects\opencv\msopencv-module-imgcodecs\binwp8_1\bin\debug\opencv_videostab300d.pdb
d:\projects\opencv\msopencv-module-imgcodecs\binwp8_1\bin\debug\opencv_videostab300d.manifest
d:\projects\opencv\msopencv-module-imgcodecs\binwp8_1\lib\debug\opencv_videostab300d.lib
d:\projects\opencv\msopencv-module-imgcodecs\binwp8_1\lib\debug\opencv_videostab300d.exp
d:\projects\opencv\msopencv-module-imgcodecs\binwp8_1\modules\videostab\opencv_videostab.dir\debug\priconfig.xml
d:\projects\opencv\msopencv-module-imgcodecs\binwp8_1\modules\videostab\opencv_videostab.dir\debug\priconfig.xml.intermediate
d:\projects\opencv\msopencv-module-imgcodecs\binwp8_1\modules\videostab\opencv_videostab.dir\debug\layout.resfiles
d:\projects\opencv\msopencv-module-imgcodecs\binwp8_1\modules\videostab\opencv_videostab.dir\debug\layout.resfiles.intermediate
d:\projects\opencv\msopencv-module-imgcodecs\binwp8_1\modules\videostab\opencv_videostab.dir\debug\resources.resfiles
d:\projects\opencv\msopencv-module-imgcodecs\binwp8_1\modules\videostab\opencv_videostab.dir\debug\resources.resfiles.intermediate
d:\projects\opencv\msopencv-module-imgcodecs\binwp8_1\modules\videostab\opencv_videostab.dir\debug\pri.resfiles
d:\projects\opencv\msopencv-module-imgcodecs\binwp8_1\modules\videostab\opencv_videostab.dir\debug\pri.resfiles.intermediate
d:\projects\opencv\msopencv-module-imgcodecs\binwp8_1\bin\debug\opencv_videostab300d.pri
d:\projects\opencv\msopencv-module-imgcodecs\binwp8_1\modules\videostab\opencv_videostab.dir\debug\qualifiers.txt
d:\projects\opencv\msopencv-module-imgcodecs\binwp8_1\modules\videostab\opencv_videostab.dir\debug\qualifiers.txt.intermediate
d:\projects\opencv\msopencv-module-imgcodecs\binwp8_1\modules\videostab\opencv_videostab.dir\debug\multiplequalifiersperdimensionfound.txt
d:\projects\opencv\msopencv-module-imgcodecs\binwp8_1\modules\videostab\opencv_videostab.dir\debug\opencv_videostab.tlog\cl.command.1.tlog
d:\projects\opencv\msopencv-module-imgcodecs\binwp8_1\modules\videostab\opencv_videostab.dir\debug\opencv_videostab.tlog\cl.read.1.tlog
d:\projects\opencv\msopencv-module-imgcodecs\binwp8_1\modules\videostab\opencv_videostab.dir\debug\opencv_videostab.tlog\cl.write.1.tlog
d:\projects\opencv\msopencv-module-imgcodecs\binwp8_1\modules\videostab\opencv_videostab.dir\debug\opencv_videostab.tlog\custombuild.command.1.tlog
d:\projects\opencv\msopencv-module-imgcodecs\binwp8_1\modules\videostab\opencv_videostab.dir\debug\opencv_videostab.tlog\custombuild.read.1.tlog
d:\projects\opencv\msopencv-module-imgcodecs\binwp8_1\modules\videostab\opencv_videostab.dir\debug\opencv_videostab.tlog\custombuild.write.1.tlog
d:\projects\opencv\msopencv-module-imgcodecs\binwp8_1\modules\videostab\opencv_videostab.dir\debug\opencv_videostab.tlog\link.command.1.tlog
d:\projects\opencv\msopencv-module-imgcodecs\binwp8_1\modules\videostab\opencv_videostab.dir\debug\opencv_videostab.tlog\link.read.1.tlog
d:\projects\opencv\msopencv-module-imgcodecs\binwp8_1\modules\videostab\opencv_videostab.dir\debug\opencv_videostab.tlog\link.write.1.tlog
d:\projects\opencv\msopencv-module-imgcodecs\binwp8_1\modules\videostab\opencv_videostab.dir\debug\opencv_videostab.tlog\mt.command.1.tlog
d:\projects\opencv\msopencv-module-imgcodecs\binwp8_1\modules\videostab\opencv_videostab.dir\debug\opencv_videostab.tlog\mt.read.1.tlog
d:\projects\opencv\msopencv-module-imgcodecs\binwp8_1\modules\videostab\opencv_videostab.dir\debug\opencv_videostab.tlog\mt.write.1.tlog
d:\projects\opencv\msopencv-module-imgcodecs\binwp8_1\modules\videostab\opencv_videostab.dir\debug\opencv_videostab.tlog\opencv_videostab.read.1u.tlog
d:\projects\opencv\msopencv-module-imgcodecs\binwp8_1\modules\videostab\opencv_videostab.dir\debug\opencv_videostab.tlog\opencv_videostab.write.1u.tlog
