d:\projects\opencv\msopencv-module-imgcodecs\binwp8_1\modules\imgcodecs\opencv_imgcodecs.dir\debug\opencv_imgcodecs300d.pch
d:\projects\opencv\msopencv-module-imgcodecs\binwp8_1\modules\imgcodecs\opencv_imgcodecs.dir\debug\vc120.pdb
d:\projects\opencv\msopencv-module-imgcodecs\binwp8_1\modules\imgcodecs\opencv_imgcodecs.dir\debug\opencv_imgcodecs_pch.obj
d:\projects\opencv\msopencv-module-imgcodecs\binwp8_1\modules\imgcodecs\opencv_imgcodecs.dir\debug\grfmt_base.obj
d:\projects\opencv\msopencv-module-imgcodecs\binwp8_1\modules\imgcodecs\opencv_imgcodecs.dir\debug\grfmt_hdr.obj
d:\projects\opencv\msopencv-module-imgcodecs\binwp8_1\modules\imgcodecs\opencv_imgcodecs.dir\debug\grfmt_png.obj
d:\projects\opencv\msopencv-module-imgcodecs\binwp8_1\modules\imgcodecs\opencv_imgcodecs.dir\debug\bitstrm.obj
d:\projects\opencv\msopencv-module-imgcodecs\binwp8_1\modules\imgcodecs\opencv_imgcodecs.dir\debug\grfmt_bmp.obj
d:\projects\opencv\msopencv-module-imgcodecs\binwp8_1\modules\imgcodecs\opencv_imgcodecs.dir\debug\grfmt_gdal.obj
d:\projects\opencv\msopencv-module-imgcodecs\binwp8_1\modules\imgcodecs\opencv_imgcodecs.dir\debug\grfmt_jpeg2000.obj
d:\projects\opencv\msopencv-module-imgcodecs\binwp8_1\modules\imgcodecs\opencv_imgcodecs.dir\debug\grfmt_pxm.obj
d:\projects\opencv\msopencv-module-imgcodecs\binwp8_1\modules\imgcodecs\opencv_imgcodecs.dir\debug\grfmt_tiff.obj
d:\projects\opencv\msopencv-module-imgcodecs\binwp8_1\modules\imgcodecs\opencv_imgcodecs.dir\debug\utils.obj
d:\projects\opencv\msopencv-module-imgcodecs\binwp8_1\modules\imgcodecs\opencv_imgcodecs.dir\debug\grfmt_exr.obj
d:\projects\opencv\msopencv-module-imgcodecs\binwp8_1\modules\imgcodecs\opencv_imgcodecs.dir\debug\grfmt_jpeg.obj
d:\projects\opencv\msopencv-module-imgcodecs\binwp8_1\modules\imgcodecs\opencv_imgcodecs.dir\debug\grfmt_sunras.obj
d:\projects\opencv\msopencv-module-imgcodecs\binwp8_1\modules\imgcodecs\opencv_imgcodecs.dir\debug\grfmt_webp.obj
d:\projects\opencv\msopencv-module-imgcodecs\binwp8_1\modules\imgcodecs\opencv_imgcodecs.dir\debug\rgbe.obj
d:\projects\opencv\msopencv-module-imgcodecs\binwp8_1\modules\imgcodecs\opencv_imgcodecs.dir\debug\loadsave.obj
d:\projects\opencv\msopencv-module-imgcodecs\binwp8_1\modules\imgcodecs\cmakefiles\generate.stamp
d:\projects\opencv\msopencv-module-imgcodecs\binwp8_1\modules\imgcodecs\opencv_imgcodecs.dir\debug\opencv_imgcodecs.vcxprojresolveassemblyreference.cache
d:\projects\opencv\msopencv-module-imgcodecs\binwp8_1\modules\imgcodecs\opencv_imgcodecs.dir\debug\opencv_imgcodecs.tlog\cl.command.1.tlog
d:\projects\opencv\msopencv-module-imgcodecs\binwp8_1\modules\imgcodecs\opencv_imgcodecs.dir\debug\opencv_imgcodecs.tlog\cl.read.1.tlog
d:\projects\opencv\msopencv-module-imgcodecs\binwp8_1\modules\imgcodecs\opencv_imgcodecs.dir\debug\opencv_imgcodecs.tlog\cl.write.1.tlog
d:\projects\opencv\msopencv-module-imgcodecs\binwp8_1\modules\imgcodecs\opencv_imgcodecs.dir\debug\opencv_imgcodecs.tlog\custombuild.command.1.tlog
d:\projects\opencv\msopencv-module-imgcodecs\binwp8_1\modules\imgcodecs\opencv_imgcodecs.dir\debug\opencv_imgcodecs.tlog\custombuild.read.1.tlog
d:\projects\opencv\msopencv-module-imgcodecs\binwp8_1\modules\imgcodecs\opencv_imgcodecs.dir\debug\opencv_imgcodecs.tlog\custombuild.write.1.tlog
d:\projects\opencv\msopencv-module-imgcodecs\binwp8_1\modules\imgcodecs\opencv_imgcodecs.dir\debug\opencv_imgcodecs.tlog\link.command.1.tlog
d:\projects\opencv\msopencv-module-imgcodecs\binwp8_1\modules\imgcodecs\opencv_imgcodecs.dir\debug\opencv_imgcodecs.tlog\link.read.1.tlog
d:\projects\opencv\msopencv-module-imgcodecs\binwp8_1\modules\imgcodecs\opencv_imgcodecs.dir\debug\opencv_imgcodecs.tlog\link.write.1.tlog
