d:\projects\opencv\msopencv-module-imgcodecs\binwp8_1\modules\objdetect\opencv_objdetect.dir\debug\opencv_objdetect300d.pch
d:\projects\opencv\msopencv-module-imgcodecs\binwp8_1\modules\objdetect\opencv_objdetect.dir\debug\vc120.pdb
d:\projects\opencv\msopencv-module-imgcodecs\binwp8_1\modules\objdetect\opencv_objdetect.dir\debug\opencv_objdetect_pch.obj
d:\projects\opencv\msopencv-module-imgcodecs\binwp8_1\modules\objdetect\opencv_objdetect.dir\debug\haar.obj
d:\projects\opencv\msopencv-module-imgcodecs\binwp8_1\modules\objdetect\opencv_objdetect.dir\debug\hog.obj
d:\projects\opencv\msopencv-module-imgcodecs\binwp8_1\modules\objdetect\opencv_objdetect.dir\debug\detection_based_tracker.obj
d:\projects\opencv\msopencv-module-imgcodecs\binwp8_1\modules\objdetect\opencv_objdetect.dir\debug\cascadedetect.obj
d:\projects\opencv\msopencv-module-imgcodecs\binwp8_1\modules\objdetect\opencv_objdetect.dir\debug\cascadedetect_convert.obj
d:\projects\opencv\msopencv-module-imgcodecs\binwp8_1\modules\objdetect\opencv_objdetect.dir\debug\opencl_kernels_objdetect.obj
d:\projects\opencv\msopencv-module-imgcodecs\binwp8_1\modules\objdetect\cmakefiles\generate.stamp
d:\projects\opencv\msopencv-module-imgcodecs\binwp8_1\modules\objdetect\opencl_kernels_objdetect.cpp
d:\projects\opencv\msopencv-module-imgcodecs\binwp8_1\modules\objdetect\opencl_kernels_objdetect.hpp
d:\projects\opencv\msopencv-module-imgcodecs\binwp8_1\bin\debug\opencv_objdetect300d.dll
d:\projects\opencv\msopencv-module-imgcodecs\binwp8_1\modules\objdetect\opencv_objdetect.dir\debug\opencv_objdetect300d.dll.intermediate.manifest
d:\projects\opencv\msopencv-module-imgcodecs\binwp8_1\bin\debug\opencv_objdetect300d.pdb
d:\projects\opencv\msopencv-module-imgcodecs\binwp8_1\bin\debug\opencv_objdetect300d.manifest
d:\projects\opencv\msopencv-module-imgcodecs\binwp8_1\lib\debug\opencv_objdetect300d.lib
d:\projects\opencv\msopencv-module-imgcodecs\binwp8_1\lib\debug\opencv_objdetect300d.exp
d:\projects\opencv\msopencv-module-imgcodecs\binwp8_1\modules\objdetect\opencv_objdetect.dir\debug\priconfig.xml
d:\projects\opencv\msopencv-module-imgcodecs\binwp8_1\modules\objdetect\opencv_objdetect.dir\debug\priconfig.xml.intermediate
d:\projects\opencv\msopencv-module-imgcodecs\binwp8_1\modules\objdetect\opencv_objdetect.dir\debug\layout.resfiles
d:\projects\opencv\msopencv-module-imgcodecs\binwp8_1\modules\objdetect\opencv_objdetect.dir\debug\layout.resfiles.intermediate
d:\projects\opencv\msopencv-module-imgcodecs\binwp8_1\modules\objdetect\opencv_objdetect.dir\debug\resources.resfiles
d:\projects\opencv\msopencv-module-imgcodecs\binwp8_1\modules\objdetect\opencv_objdetect.dir\debug\resources.resfiles.intermediate
d:\projects\opencv\msopencv-module-imgcodecs\binwp8_1\modules\objdetect\opencv_objdetect.dir\debug\pri.resfiles
d:\projects\opencv\msopencv-module-imgcodecs\binwp8_1\modules\objdetect\opencv_objdetect.dir\debug\pri.resfiles.intermediate
d:\projects\opencv\msopencv-module-imgcodecs\binwp8_1\bin\debug\opencv_objdetect300d.pri
d:\projects\opencv\msopencv-module-imgcodecs\binwp8_1\modules\objdetect\opencv_objdetect.dir\debug\qualifiers.txt
d:\projects\opencv\msopencv-module-imgcodecs\binwp8_1\modules\objdetect\opencv_objdetect.dir\debug\qualifiers.txt.intermediate
d:\projects\opencv\msopencv-module-imgcodecs\binwp8_1\modules\objdetect\opencv_objdetect.dir\debug\multiplequalifiersperdimensionfound.txt
d:\projects\opencv\msopencv-module-imgcodecs\binwp8_1\modules\objdetect\opencv_objdetect.dir\debug\opencv_objdetect.tlog\cl.command.1.tlog
d:\projects\opencv\msopencv-module-imgcodecs\binwp8_1\modules\objdetect\opencv_objdetect.dir\debug\opencv_objdetect.tlog\cl.read.1.tlog
d:\projects\opencv\msopencv-module-imgcodecs\binwp8_1\modules\objdetect\opencv_objdetect.dir\debug\opencv_objdetect.tlog\cl.write.1.tlog
d:\projects\opencv\msopencv-module-imgcodecs\binwp8_1\modules\objdetect\opencv_objdetect.dir\debug\opencv_objdetect.tlog\custombuild.command.1.tlog
d:\projects\opencv\msopencv-module-imgcodecs\binwp8_1\modules\objdetect\opencv_objdetect.dir\debug\opencv_objdetect.tlog\custombuild.read.1.tlog
d:\projects\opencv\msopencv-module-imgcodecs\binwp8_1\modules\objdetect\opencv_objdetect.dir\debug\opencv_objdetect.tlog\custombuild.write.1.tlog
d:\projects\opencv\msopencv-module-imgcodecs\binwp8_1\modules\objdetect\opencv_objdetect.dir\debug\opencv_objdetect.tlog\link.command.1.tlog
d:\projects\opencv\msopencv-module-imgcodecs\binwp8_1\modules\objdetect\opencv_objdetect.dir\debug\opencv_objdetect.tlog\link.read.1.tlog
d:\projects\opencv\msopencv-module-imgcodecs\binwp8_1\modules\objdetect\opencv_objdetect.dir\debug\opencv_objdetect.tlog\link.write.1.tlog
d:\projects\opencv\msopencv-module-imgcodecs\binwp8_1\modules\objdetect\opencv_objdetect.dir\debug\opencv_objdetect.tlog\mt.command.1.tlog
d:\projects\opencv\msopencv-module-imgcodecs\binwp8_1\modules\objdetect\opencv_objdetect.dir\debug\opencv_objdetect.tlog\mt.read.1.tlog
d:\projects\opencv\msopencv-module-imgcodecs\binwp8_1\modules\objdetect\opencv_objdetect.dir\debug\opencv_objdetect.tlog\mt.write.1.tlog
d:\projects\opencv\msopencv-module-imgcodecs\binwp8_1\modules\objdetect\opencv_objdetect.dir\debug\opencv_objdetect.tlog\opencv_objdetect.read.1u.tlog
d:\projects\opencv\msopencv-module-imgcodecs\binwp8_1\modules\objdetect\opencv_objdetect.dir\debug\opencv_objdetect.tlog\opencv_objdetect.write.1u.tlog
