d:\projects\opencv\msopencv-module-imgcodecs\binwp8_1\modules\flann\opencv_flann.dir\debug\opencv_flann300d.pch
d:\projects\opencv\msopencv-module-imgcodecs\binwp8_1\modules\flann\opencv_flann.dir\debug\vc120.pdb
d:\projects\opencv\msopencv-module-imgcodecs\binwp8_1\modules\flann\opencv_flann.dir\debug\opencv_flann_pch.obj
d:\projects\opencv\msopencv-module-imgcodecs\binwp8_1\modules\flann\opencv_flann.dir\debug\miniflann.obj
d:\projects\opencv\msopencv-module-imgcodecs\binwp8_1\modules\flann\opencv_flann.dir\debug\flann.obj
d:\projects\opencv\msopencv-module-imgcodecs\binwp8_1\modules\flann\cmakefiles\generate.stamp
d:\projects\opencv\msopencv-module-imgcodecs\binwp8_1\bin\debug\opencv_flann300d.dll
d:\projects\opencv\msopencv-module-imgcodecs\binwp8_1\modules\flann\opencv_flann.dir\debug\opencv_flann300d.dll.intermediate.manifest
d:\projects\opencv\msopencv-module-imgcodecs\binwp8_1\bin\debug\opencv_flann300d.pdb
d:\projects\opencv\msopencv-module-imgcodecs\binwp8_1\bin\debug\opencv_flann300d.manifest
d:\projects\opencv\msopencv-module-imgcodecs\binwp8_1\lib\debug\opencv_flann300d.lib
d:\projects\opencv\msopencv-module-imgcodecs\binwp8_1\lib\debug\opencv_flann300d.exp
d:\projects\opencv\msopencv-module-imgcodecs\binwp8_1\modules\flann\opencv_flann.dir\debug\priconfig.xml
d:\projects\opencv\msopencv-module-imgcodecs\binwp8_1\modules\flann\opencv_flann.dir\debug\priconfig.xml.intermediate
d:\projects\opencv\msopencv-module-imgcodecs\binwp8_1\modules\flann\opencv_flann.dir\debug\layout.resfiles
d:\projects\opencv\msopencv-module-imgcodecs\binwp8_1\modules\flann\opencv_flann.dir\debug\layout.resfiles.intermediate
d:\projects\opencv\msopencv-module-imgcodecs\binwp8_1\modules\flann\opencv_flann.dir\debug\resources.resfiles
d:\projects\opencv\msopencv-module-imgcodecs\binwp8_1\modules\flann\opencv_flann.dir\debug\resources.resfiles.intermediate
d:\projects\opencv\msopencv-module-imgcodecs\binwp8_1\modules\flann\opencv_flann.dir\debug\pri.resfiles
d:\projects\opencv\msopencv-module-imgcodecs\binwp8_1\modules\flann\opencv_flann.dir\debug\pri.resfiles.intermediate
d:\projects\opencv\msopencv-module-imgcodecs\binwp8_1\bin\debug\opencv_flann300d.pri
d:\projects\opencv\msopencv-module-imgcodecs\binwp8_1\modules\flann\opencv_flann.dir\debug\qualifiers.txt
d:\projects\opencv\msopencv-module-imgcodecs\binwp8_1\modules\flann\opencv_flann.dir\debug\qualifiers.txt.intermediate
d:\projects\opencv\msopencv-module-imgcodecs\binwp8_1\modules\flann\opencv_flann.dir\debug\multiplequalifiersperdimensionfound.txt
d:\projects\opencv\msopencv-module-imgcodecs\binwp8_1\modules\flann\opencv_flann.dir\debug\opencv_flann.tlog\cl.command.1.tlog
d:\projects\opencv\msopencv-module-imgcodecs\binwp8_1\modules\flann\opencv_flann.dir\debug\opencv_flann.tlog\cl.read.1.tlog
d:\projects\opencv\msopencv-module-imgcodecs\binwp8_1\modules\flann\opencv_flann.dir\debug\opencv_flann.tlog\cl.write.1.tlog
d:\projects\opencv\msopencv-module-imgcodecs\binwp8_1\modules\flann\opencv_flann.dir\debug\opencv_flann.tlog\custombuild.command.1.tlog
d:\projects\opencv\msopencv-module-imgcodecs\binwp8_1\modules\flann\opencv_flann.dir\debug\opencv_flann.tlog\custombuild.read.1.tlog
d:\projects\opencv\msopencv-module-imgcodecs\binwp8_1\modules\flann\opencv_flann.dir\debug\opencv_flann.tlog\custombuild.write.1.tlog
d:\projects\opencv\msopencv-module-imgcodecs\binwp8_1\modules\flann\opencv_flann.dir\debug\opencv_flann.tlog\link.command.1.tlog
d:\projects\opencv\msopencv-module-imgcodecs\binwp8_1\modules\flann\opencv_flann.dir\debug\opencv_flann.tlog\link.read.1.tlog
d:\projects\opencv\msopencv-module-imgcodecs\binwp8_1\modules\flann\opencv_flann.dir\debug\opencv_flann.tlog\link.write.1.tlog
d:\projects\opencv\msopencv-module-imgcodecs\binwp8_1\modules\flann\opencv_flann.dir\debug\opencv_flann.tlog\mt.command.1.tlog
d:\projects\opencv\msopencv-module-imgcodecs\binwp8_1\modules\flann\opencv_flann.dir\debug\opencv_flann.tlog\mt.read.1.tlog
d:\projects\opencv\msopencv-module-imgcodecs\binwp8_1\modules\flann\opencv_flann.dir\debug\opencv_flann.tlog\mt.write.1.tlog
d:\projects\opencv\msopencv-module-imgcodecs\binwp8_1\modules\flann\opencv_flann.dir\debug\opencv_flann.tlog\opencv_flann.read.1u.tlog
d:\projects\opencv\msopencv-module-imgcodecs\binwp8_1\modules\flann\opencv_flann.dir\debug\opencv_flann.tlog\opencv_flann.write.1u.tlog
