d:\projects\opencv\msopencv-module-imgcodecs\binwp8_1\modules\core\opencv_core.dir\debug\opencv_core300d.pch
d:\projects\opencv\msopencv-module-imgcodecs\binwp8_1\modules\core\opencv_core.dir\debug\vc120.pdb
d:\projects\opencv\msopencv-module-imgcodecs\binwp8_1\modules\core\opencv_core.dir\debug\opencv_core_pch.obj
d:\projects\opencv\msopencv-module-imgcodecs\binwp8_1\modules\core\opencv_core.dir\debug\array.obj
d:\projects\opencv\msopencv-module-imgcodecs\binwp8_1\modules\core\opencv_core.dir\debug\conjugate_gradient.obj
d:\projects\opencv\msopencv-module-imgcodecs\binwp8_1\modules\core\opencv_core.dir\debug\convert.obj
d:\projects\opencv\msopencv-module-imgcodecs\binwp8_1\modules\core\opencv_core.dir\debug\directx.obj
d:\projects\opencv\msopencv-module-imgcodecs\binwp8_1\modules\core\opencv_core.dir\debug\dxt.obj
d:\projects\opencv\msopencv-module-imgcodecs\binwp8_1\modules\core\opencv_core.dir\debug\kmeans.obj
d:\projects\opencv\msopencv-module-imgcodecs\binwp8_1\modules\core\opencv_core.dir\debug\lda.obj
d:\projects\opencv\msopencv-module-imgcodecs\binwp8_1\modules\core\opencv_core.dir\debug\pca.obj
d:\projects\opencv\msopencv-module-imgcodecs\binwp8_1\modules\core\opencv_core.dir\debug\rand.obj
d:\projects\opencv\msopencv-module-imgcodecs\binwp8_1\modules\core\opencv_core.dir\debug\stat.obj
d:\projects\opencv\msopencv-module-imgcodecs\binwp8_1\modules\core\opencv_core.dir\debug\tables.obj
d:\projects\opencv\msopencv-module-imgcodecs\binwp8_1\modules\core\opencv_core.dir\debug\types.obj
d:\projects\opencv\msopencv-module-imgcodecs\binwp8_1\modules\core\opencv_core.dir\debug\umatrix.obj
d:\projects\opencv\msopencv-module-imgcodecs\binwp8_1\modules\core\opencv_core.dir\debug\opencl_kernels_core.obj
d:\projects\opencv\msopencv-module-imgcodecs\binwp8_1\modules\core\opencv_core.dir\debug\arithm.obj
d:\projects\opencv\msopencv-module-imgcodecs\binwp8_1\modules\core\opencv_core.dir\debug\copy.obj
d:\projects\opencv\msopencv-module-imgcodecs\binwp8_1\modules\core\opencv_core.dir\debug\cuda_host_mem.obj
d:\projects\opencv\msopencv-module-imgcodecs\binwp8_1\modules\core\opencv_core.dir\debug\cuda_stream.obj
d:\projects\opencv\msopencv-module-imgcodecs\binwp8_1\modules\core\opencv_core.dir\debug\downhill_simplex.obj
d:\projects\opencv\msopencv-module-imgcodecs\binwp8_1\modules\core\opencv_core.dir\debug\gl_core_3_1.obj
d:\projects\opencv\msopencv-module-imgcodecs\binwp8_1\modules\core\opencv_core.dir\debug\lpsolver.obj
d:\projects\opencv\msopencv-module-imgcodecs\binwp8_1\modules\core\opencv_core.dir\debug\matmul.obj
d:\projects\opencv\msopencv-module-imgcodecs\binwp8_1\modules\core\opencv_core.dir\debug\opencl_clamdblas.obj
d:\projects\opencv\msopencv-module-imgcodecs\binwp8_1\modules\core\opencv_core.dir\debug\opencl_clamdfft.obj
d:\projects\opencv\msopencv-module-imgcodecs\binwp8_1\modules\core\opencv_core.dir\debug\opencl_core.obj
d:\projects\opencv\msopencv-module-imgcodecs\binwp8_1\modules\core\opencv_core.dir\debug\opengl.obj
d:\projects\opencv\msopencv-module-imgcodecs\binwp8_1\modules\core\opencv_core.dir\debug\out.obj
d:\projects\opencv\msopencv-module-imgcodecs\binwp8_1\modules\core\opencv_core.dir\debug\parallel.obj
d:\projects\opencv\msopencv-module-imgcodecs\binwp8_1\modules\core\opencv_core.dir\debug\persistence.obj
d:\projects\opencv\msopencv-module-imgcodecs\binwp8_1\modules\core\opencv_core.dir\debug\algorithm.obj
d:\projects\opencv\msopencv-module-imgcodecs\binwp8_1\modules\core\opencv_core.dir\debug\cuda_buffer_pool.obj
d:\projects\opencv\msopencv-module-imgcodecs\binwp8_1\modules\core\opencv_core.dir\debug\cuda_gpu_mat.obj
d:\projects\opencv\msopencv-module-imgcodecs\binwp8_1\modules\core\opencv_core.dir\debug\cuda_info.obj
d:\projects\opencv\msopencv-module-imgcodecs\binwp8_1\modules\core\opencv_core.dir\debug\datastructs.obj
d:\projects\opencv\msopencv-module-imgcodecs\binwp8_1\modules\core\opencv_core.dir\debug\glob.obj
d:\projects\opencv\msopencv-module-imgcodecs\binwp8_1\modules\core\opencv_core.dir\debug\lapack.obj
d:\projects\opencv\msopencv-module-imgcodecs\binwp8_1\modules\core\opencv_core.dir\debug\mathfuncs.obj
d:\projects\opencv\msopencv-module-imgcodecs\binwp8_1\modules\core\opencv_core.dir\debug\matop.obj
d:\projects\opencv\msopencv-module-imgcodecs\binwp8_1\modules\core\opencv_core.dir\debug\ocl.obj
d:\projects\opencv\msopencv-module-imgcodecs\binwp8_1\modules\core\opencv_core.dir\debug\alloc.obj
d:\projects\opencv\msopencv-module-imgcodecs\binwp8_1\modules\core\opencv_core.dir\debug\command_line_parser.obj
d:\projects\opencv\msopencv-module-imgcodecs\binwp8_1\modules\core\opencv_core.dir\debug\matrix.obj
d:\projects\opencv\msopencv-module-imgcodecs\binwp8_1\modules\core\opencv_core.dir\debug\stl.obj
d:\projects\opencv\msopencv-module-imgcodecs\binwp8_1\modules\core\opencv_core.dir\debug\system.obj
d:\projects\opencv\msopencv-module-imgcodecs\binwp8_1\modules\core\cmakefiles\generate.stamp
d:\projects\opencv\msopencv-module-imgcodecs\binwp8_1\modules\core\opencl_kernels_core.cpp
d:\projects\opencv\msopencv-module-imgcodecs\binwp8_1\modules\core\opencl_kernels_core.hpp
d:\projects\opencv\msopencv-module-imgcodecs\binwp8_1\bin\debug\opencv_core300d.dll
d:\projects\opencv\msopencv-module-imgcodecs\binwp8_1\modules\core\opencv_core.dir\debug\opencv_core300d.dll.intermediate.manifest
d:\projects\opencv\msopencv-module-imgcodecs\binwp8_1\bin\debug\opencv_core300d.pdb
d:\projects\opencv\msopencv-module-imgcodecs\binwp8_1\bin\debug\opencv_core300d.manifest
d:\projects\opencv\msopencv-module-imgcodecs\binwp8_1\lib\debug\opencv_core300d.lib
d:\projects\opencv\msopencv-module-imgcodecs\binwp8_1\lib\debug\opencv_core300d.exp
d:\projects\opencv\msopencv-module-imgcodecs\binwp8_1\modules\core\opencv_core.dir\debug\priconfig.xml
d:\projects\opencv\msopencv-module-imgcodecs\binwp8_1\modules\core\opencv_core.dir\debug\priconfig.xml.intermediate
d:\projects\opencv\msopencv-module-imgcodecs\binwp8_1\modules\core\opencv_core.dir\debug\layout.resfiles
d:\projects\opencv\msopencv-module-imgcodecs\binwp8_1\modules\core\opencv_core.dir\debug\layout.resfiles.intermediate
d:\projects\opencv\msopencv-module-imgcodecs\binwp8_1\modules\core\opencv_core.dir\debug\resources.resfiles
d:\projects\opencv\msopencv-module-imgcodecs\binwp8_1\modules\core\opencv_core.dir\debug\resources.resfiles.intermediate
d:\projects\opencv\msopencv-module-imgcodecs\binwp8_1\modules\core\opencv_core.dir\debug\pri.resfiles
d:\projects\opencv\msopencv-module-imgcodecs\binwp8_1\modules\core\opencv_core.dir\debug\pri.resfiles.intermediate
d:\projects\opencv\msopencv-module-imgcodecs\binwp8_1\bin\debug\opencv_core300d.pri
d:\projects\opencv\msopencv-module-imgcodecs\binwp8_1\modules\core\opencv_core.dir\debug\qualifiers.txt
d:\projects\opencv\msopencv-module-imgcodecs\binwp8_1\modules\core\opencv_core.dir\debug\qualifiers.txt.intermediate
d:\projects\opencv\msopencv-module-imgcodecs\binwp8_1\modules\core\opencv_core.dir\debug\multiplequalifiersperdimensionfound.txt
d:\projects\opencv\msopencv-module-imgcodecs\binwp8_1\modules\core\opencv_core.dir\debug\opencv_core.tlog\cl.command.1.tlog
d:\projects\opencv\msopencv-module-imgcodecs\binwp8_1\modules\core\opencv_core.dir\debug\opencv_core.tlog\cl.read.1.tlog
d:\projects\opencv\msopencv-module-imgcodecs\binwp8_1\modules\core\opencv_core.dir\debug\opencv_core.tlog\cl.write.1.tlog
d:\projects\opencv\msopencv-module-imgcodecs\binwp8_1\modules\core\opencv_core.dir\debug\opencv_core.tlog\custombuild.command.1.tlog
d:\projects\opencv\msopencv-module-imgcodecs\binwp8_1\modules\core\opencv_core.dir\debug\opencv_core.tlog\custombuild.read.1.tlog
d:\projects\opencv\msopencv-module-imgcodecs\binwp8_1\modules\core\opencv_core.dir\debug\opencv_core.tlog\custombuild.write.1.tlog
d:\projects\opencv\msopencv-module-imgcodecs\binwp8_1\modules\core\opencv_core.dir\debug\opencv_core.tlog\link.command.1.tlog
d:\projects\opencv\msopencv-module-imgcodecs\binwp8_1\modules\core\opencv_core.dir\debug\opencv_core.tlog\link.read.1.tlog
d:\projects\opencv\msopencv-module-imgcodecs\binwp8_1\modules\core\opencv_core.dir\debug\opencv_core.tlog\link.write.1.tlog
d:\projects\opencv\msopencv-module-imgcodecs\binwp8_1\modules\core\opencv_core.dir\debug\opencv_core.tlog\mt.command.1.tlog
d:\projects\opencv\msopencv-module-imgcodecs\binwp8_1\modules\core\opencv_core.dir\debug\opencv_core.tlog\mt.read.1.tlog
d:\projects\opencv\msopencv-module-imgcodecs\binwp8_1\modules\core\opencv_core.dir\debug\opencv_core.tlog\mt.write.1.tlog
d:\projects\opencv\msopencv-module-imgcodecs\binwp8_1\modules\core\opencv_core.dir\debug\opencv_core.tlog\opencv_core.read.1u.tlog
d:\projects\opencv\msopencv-module-imgcodecs\binwp8_1\modules\core\opencv_core.dir\debug\opencv_core.tlog\opencv_core.write.1u.tlog
