d:\projects\opencv\msopencv-module-imgcodecs\binwp8_1\modules\photo\opencv_photo.dir\debug\opencv_photo300d.pch
d:\projects\opencv\msopencv-module-imgcodecs\binwp8_1\modules\photo\opencv_photo.dir\debug\vc120.pdb
d:\projects\opencv\msopencv-module-imgcodecs\binwp8_1\modules\photo\opencv_photo.dir\debug\opencv_photo_pch.obj
d:\projects\opencv\msopencv-module-imgcodecs\binwp8_1\modules\photo\opencv_photo.dir\debug\contrast_preserve.obj
d:\projects\opencv\msopencv-module-imgcodecs\binwp8_1\modules\photo\opencv_photo.dir\debug\inpaint.obj
d:\projects\opencv\msopencv-module-imgcodecs\binwp8_1\modules\photo\opencv_photo.dir\debug\seamless_cloning.obj
d:\projects\opencv\msopencv-module-imgcodecs\binwp8_1\modules\photo\opencv_photo.dir\debug\opencl_kernels_photo.obj
d:\projects\opencv\msopencv-module-imgcodecs\binwp8_1\modules\photo\opencv_photo.dir\debug\calibrate.obj
d:\projects\opencv\msopencv-module-imgcodecs\binwp8_1\modules\photo\opencv_photo.dir\debug\hdr_common.obj
d:\projects\opencv\msopencv-module-imgcodecs\binwp8_1\modules\photo\opencv_photo.dir\debug\merge.obj
d:\projects\opencv\msopencv-module-imgcodecs\binwp8_1\modules\photo\opencv_photo.dir\debug\tonemap.obj
d:\projects\opencv\msopencv-module-imgcodecs\binwp8_1\modules\photo\opencv_photo.dir\debug\align.obj
d:\projects\opencv\msopencv-module-imgcodecs\binwp8_1\modules\photo\opencv_photo.dir\debug\denoising.cuda.obj
d:\projects\opencv\msopencv-module-imgcodecs\binwp8_1\modules\photo\opencv_photo.dir\debug\npr.obj
d:\projects\opencv\msopencv-module-imgcodecs\binwp8_1\modules\photo\opencv_photo.dir\debug\denoise_tvl1.obj
d:\projects\opencv\msopencv-module-imgcodecs\binwp8_1\modules\photo\opencv_photo.dir\debug\denoising.obj
d:\projects\opencv\msopencv-module-imgcodecs\binwp8_1\modules\photo\opencv_photo.dir\debug\seamless_cloning_impl.obj
d:\projects\opencv\msopencv-module-imgcodecs\binwp8_1\modules\photo\cmakefiles\generate.stamp
d:\projects\opencv\msopencv-module-imgcodecs\binwp8_1\modules\photo\opencl_kernels_photo.cpp
d:\projects\opencv\msopencv-module-imgcodecs\binwp8_1\modules\photo\opencl_kernels_photo.hpp
d:\projects\opencv\msopencv-module-imgcodecs\binwp8_1\bin\debug\opencv_photo300d.dll
d:\projects\opencv\msopencv-module-imgcodecs\binwp8_1\modules\photo\opencv_photo.dir\debug\opencv_photo300d.dll.intermediate.manifest
d:\projects\opencv\msopencv-module-imgcodecs\binwp8_1\bin\debug\opencv_photo300d.pdb
d:\projects\opencv\msopencv-module-imgcodecs\binwp8_1\bin\debug\opencv_photo300d.manifest
d:\projects\opencv\msopencv-module-imgcodecs\binwp8_1\lib\debug\opencv_photo300d.lib
d:\projects\opencv\msopencv-module-imgcodecs\binwp8_1\lib\debug\opencv_photo300d.exp
d:\projects\opencv\msopencv-module-imgcodecs\binwp8_1\modules\photo\opencv_photo.dir\debug\priconfig.xml
d:\projects\opencv\msopencv-module-imgcodecs\binwp8_1\modules\photo\opencv_photo.dir\debug\priconfig.xml.intermediate
d:\projects\opencv\msopencv-module-imgcodecs\binwp8_1\modules\photo\opencv_photo.dir\debug\layout.resfiles
d:\projects\opencv\msopencv-module-imgcodecs\binwp8_1\modules\photo\opencv_photo.dir\debug\layout.resfiles.intermediate
d:\projects\opencv\msopencv-module-imgcodecs\binwp8_1\modules\photo\opencv_photo.dir\debug\resources.resfiles
d:\projects\opencv\msopencv-module-imgcodecs\binwp8_1\modules\photo\opencv_photo.dir\debug\resources.resfiles.intermediate
d:\projects\opencv\msopencv-module-imgcodecs\binwp8_1\modules\photo\opencv_photo.dir\debug\pri.resfiles
d:\projects\opencv\msopencv-module-imgcodecs\binwp8_1\modules\photo\opencv_photo.dir\debug\pri.resfiles.intermediate
d:\projects\opencv\msopencv-module-imgcodecs\binwp8_1\bin\debug\opencv_photo300d.pri
d:\projects\opencv\msopencv-module-imgcodecs\binwp8_1\modules\photo\opencv_photo.dir\debug\qualifiers.txt
d:\projects\opencv\msopencv-module-imgcodecs\binwp8_1\modules\photo\opencv_photo.dir\debug\qualifiers.txt.intermediate
d:\projects\opencv\msopencv-module-imgcodecs\binwp8_1\modules\photo\opencv_photo.dir\debug\multiplequalifiersperdimensionfound.txt
d:\projects\opencv\msopencv-module-imgcodecs\binwp8_1\modules\photo\opencv_photo.dir\debug\opencv_photo.tlog\cl.command.1.tlog
d:\projects\opencv\msopencv-module-imgcodecs\binwp8_1\modules\photo\opencv_photo.dir\debug\opencv_photo.tlog\cl.read.1.tlog
d:\projects\opencv\msopencv-module-imgcodecs\binwp8_1\modules\photo\opencv_photo.dir\debug\opencv_photo.tlog\cl.write.1.tlog
d:\projects\opencv\msopencv-module-imgcodecs\binwp8_1\modules\photo\opencv_photo.dir\debug\opencv_photo.tlog\custombuild.command.1.tlog
d:\projects\opencv\msopencv-module-imgcodecs\binwp8_1\modules\photo\opencv_photo.dir\debug\opencv_photo.tlog\custombuild.read.1.tlog
d:\projects\opencv\msopencv-module-imgcodecs\binwp8_1\modules\photo\opencv_photo.dir\debug\opencv_photo.tlog\custombuild.write.1.tlog
d:\projects\opencv\msopencv-module-imgcodecs\binwp8_1\modules\photo\opencv_photo.dir\debug\opencv_photo.tlog\link.command.1.tlog
d:\projects\opencv\msopencv-module-imgcodecs\binwp8_1\modules\photo\opencv_photo.dir\debug\opencv_photo.tlog\link.read.1.tlog
d:\projects\opencv\msopencv-module-imgcodecs\binwp8_1\modules\photo\opencv_photo.dir\debug\opencv_photo.tlog\link.write.1.tlog
d:\projects\opencv\msopencv-module-imgcodecs\binwp8_1\modules\photo\opencv_photo.dir\debug\opencv_photo.tlog\mt.command.1.tlog
d:\projects\opencv\msopencv-module-imgcodecs\binwp8_1\modules\photo\opencv_photo.dir\debug\opencv_photo.tlog\mt.read.1.tlog
d:\projects\opencv\msopencv-module-imgcodecs\binwp8_1\modules\photo\opencv_photo.dir\debug\opencv_photo.tlog\mt.write.1.tlog
d:\projects\opencv\msopencv-module-imgcodecs\binwp8_1\modules\photo\opencv_photo.dir\debug\opencv_photo.tlog\opencv_photo.read.1u.tlog
d:\projects\opencv\msopencv-module-imgcodecs\binwp8_1\modules\photo\opencv_photo.dir\debug\opencv_photo.tlog\opencv_photo.write.1u.tlog
