d:\projects\opencv\msopencv-module-imgcodecs\binwp8_1\modules\video\opencv_video.dir\debug\opencv_video300d.pch
d:\projects\opencv\msopencv-module-imgcodecs\binwp8_1\modules\video\opencv_video.dir\debug\vc120.pdb
d:\projects\opencv\msopencv-module-imgcodecs\binwp8_1\modules\video\opencv_video.dir\debug\opencv_video_pch.obj
d:\projects\opencv\msopencv-module-imgcodecs\binwp8_1\modules\video\opencv_video.dir\debug\bgfg_gaussmix2.obj
d:\projects\opencv\msopencv-module-imgcodecs\binwp8_1\modules\video\opencv_video.dir\debug\opencl_kernels_video.obj
d:\projects\opencv\msopencv-module-imgcodecs\binwp8_1\modules\video\opencv_video.dir\debug\compat_video.obj
d:\projects\opencv\msopencv-module-imgcodecs\binwp8_1\modules\video\opencv_video.dir\debug\tvl1flow.obj
d:\projects\opencv\msopencv-module-imgcodecs\binwp8_1\modules\video\opencv_video.dir\debug\bgfg_knn.obj
d:\projects\opencv\msopencv-module-imgcodecs\binwp8_1\modules\video\opencv_video.dir\debug\lkpyramid.obj
d:\projects\opencv\msopencv-module-imgcodecs\binwp8_1\modules\video\opencv_video.dir\debug\camshift.obj
d:\projects\opencv\msopencv-module-imgcodecs\binwp8_1\modules\video\opencv_video.dir\debug\ecc.obj
d:\projects\opencv\msopencv-module-imgcodecs\binwp8_1\modules\video\opencv_video.dir\debug\kalman.obj
d:\projects\opencv\msopencv-module-imgcodecs\binwp8_1\modules\video\opencv_video.dir\debug\optflowgf.obj
d:\projects\opencv\msopencv-module-imgcodecs\binwp8_1\modules\video\cmakefiles\generate.stamp
d:\projects\opencv\msopencv-module-imgcodecs\binwp8_1\modules\video\opencl_kernels_video.cpp
d:\projects\opencv\msopencv-module-imgcodecs\binwp8_1\modules\video\opencl_kernels_video.hpp
d:\projects\opencv\msopencv-module-imgcodecs\binwp8_1\bin\debug\opencv_video300d.dll
d:\projects\opencv\msopencv-module-imgcodecs\binwp8_1\modules\video\opencv_video.dir\debug\opencv_video300d.dll.intermediate.manifest
d:\projects\opencv\msopencv-module-imgcodecs\binwp8_1\bin\debug\opencv_video300d.pdb
d:\projects\opencv\msopencv-module-imgcodecs\binwp8_1\bin\debug\opencv_video300d.manifest
d:\projects\opencv\msopencv-module-imgcodecs\binwp8_1\lib\debug\opencv_video300d.lib
d:\projects\opencv\msopencv-module-imgcodecs\binwp8_1\lib\debug\opencv_video300d.exp
d:\projects\opencv\msopencv-module-imgcodecs\binwp8_1\modules\video\opencv_video.dir\debug\opencv_video.vcxprojresolveassemblyreference.cache
d:\projects\opencv\msopencv-module-imgcodecs\binwp8_1\modules\video\opencv_video.dir\debug\priconfig.xml
d:\projects\opencv\msopencv-module-imgcodecs\binwp8_1\modules\video\opencv_video.dir\debug\priconfig.xml.intermediate
d:\projects\opencv\msopencv-module-imgcodecs\binwp8_1\modules\video\opencv_video.dir\debug\layout.resfiles
d:\projects\opencv\msopencv-module-imgcodecs\binwp8_1\modules\video\opencv_video.dir\debug\layout.resfiles.intermediate
d:\projects\opencv\msopencv-module-imgcodecs\binwp8_1\modules\video\opencv_video.dir\debug\resources.resfiles
d:\projects\opencv\msopencv-module-imgcodecs\binwp8_1\modules\video\opencv_video.dir\debug\resources.resfiles.intermediate
d:\projects\opencv\msopencv-module-imgcodecs\binwp8_1\modules\video\opencv_video.dir\debug\pri.resfiles
d:\projects\opencv\msopencv-module-imgcodecs\binwp8_1\modules\video\opencv_video.dir\debug\pri.resfiles.intermediate
d:\projects\opencv\msopencv-module-imgcodecs\binwp8_1\bin\debug\opencv_video300d.pri
d:\projects\opencv\msopencv-module-imgcodecs\binwp8_1\modules\video\opencv_video.dir\debug\qualifiers.txt
d:\projects\opencv\msopencv-module-imgcodecs\binwp8_1\modules\video\opencv_video.dir\debug\qualifiers.txt.intermediate
d:\projects\opencv\msopencv-module-imgcodecs\binwp8_1\modules\video\opencv_video.dir\debug\multiplequalifiersperdimensionfound.txt
d:\projects\opencv\msopencv-module-imgcodecs\binwp8_1\modules\video\opencv_video.dir\debug\opencv_video.tlog\cl.command.1.tlog
d:\projects\opencv\msopencv-module-imgcodecs\binwp8_1\modules\video\opencv_video.dir\debug\opencv_video.tlog\cl.read.1.tlog
d:\projects\opencv\msopencv-module-imgcodecs\binwp8_1\modules\video\opencv_video.dir\debug\opencv_video.tlog\cl.write.1.tlog
d:\projects\opencv\msopencv-module-imgcodecs\binwp8_1\modules\video\opencv_video.dir\debug\opencv_video.tlog\custombuild.command.1.tlog
d:\projects\opencv\msopencv-module-imgcodecs\binwp8_1\modules\video\opencv_video.dir\debug\opencv_video.tlog\custombuild.read.1.tlog
d:\projects\opencv\msopencv-module-imgcodecs\binwp8_1\modules\video\opencv_video.dir\debug\opencv_video.tlog\custombuild.write.1.tlog
d:\projects\opencv\msopencv-module-imgcodecs\binwp8_1\modules\video\opencv_video.dir\debug\opencv_video.tlog\link.command.1.tlog
d:\projects\opencv\msopencv-module-imgcodecs\binwp8_1\modules\video\opencv_video.dir\debug\opencv_video.tlog\link.read.1.tlog
d:\projects\opencv\msopencv-module-imgcodecs\binwp8_1\modules\video\opencv_video.dir\debug\opencv_video.tlog\link.write.1.tlog
d:\projects\opencv\msopencv-module-imgcodecs\binwp8_1\modules\video\opencv_video.dir\debug\opencv_video.tlog\mt.command.1.tlog
d:\projects\opencv\msopencv-module-imgcodecs\binwp8_1\modules\video\opencv_video.dir\debug\opencv_video.tlog\mt.read.1.tlog
d:\projects\opencv\msopencv-module-imgcodecs\binwp8_1\modules\video\opencv_video.dir\debug\opencv_video.tlog\mt.write.1.tlog
d:\projects\opencv\msopencv-module-imgcodecs\binwp8_1\modules\video\opencv_video.dir\debug\opencv_video.tlog\opencv_video.read.1u.tlog
d:\projects\opencv\msopencv-module-imgcodecs\binwp8_1\modules\video\opencv_video.dir\debug\opencv_video.tlog\opencv_video.write.1u.tlog
