d:\projects\opencv\msopencv-module-imgcodecs\binwp8_1\modules\ml\opencv_ml.dir\debug\opencv_ml300d.pch
d:\projects\opencv\msopencv-module-imgcodecs\binwp8_1\modules\ml\opencv_ml.dir\debug\vc120.pdb
d:\projects\opencv\msopencv-module-imgcodecs\binwp8_1\modules\ml\opencv_ml.dir\debug\opencv_ml_pch.obj
d:\projects\opencv\msopencv-module-imgcodecs\binwp8_1\modules\ml\opencv_ml.dir\debug\em.obj
d:\projects\opencv\msopencv-module-imgcodecs\binwp8_1\modules\ml\opencv_ml.dir\debug\gbt.obj
d:\projects\opencv\msopencv-module-imgcodecs\binwp8_1\modules\ml\opencv_ml.dir\debug\kdtree.obj
d:\projects\opencv\msopencv-module-imgcodecs\binwp8_1\modules\ml\opencv_ml.dir\debug\nbayes.obj
d:\projects\opencv\msopencv-module-imgcodecs\binwp8_1\modules\ml\opencv_ml.dir\debug\testset.obj
d:\projects\opencv\msopencv-module-imgcodecs\binwp8_1\modules\ml\opencv_ml.dir\debug\boost.obj
d:\projects\opencv\msopencv-module-imgcodecs\binwp8_1\modules\ml\opencv_ml.dir\debug\inner_functions.obj
d:\projects\opencv\msopencv-module-imgcodecs\binwp8_1\modules\ml\opencv_ml.dir\debug\knearest.obj
d:\projects\opencv\msopencv-module-imgcodecs\binwp8_1\modules\ml\opencv_ml.dir\debug\rtrees.obj
d:\projects\opencv\msopencv-module-imgcodecs\binwp8_1\modules\ml\opencv_ml.dir\debug\data.obj
d:\projects\opencv\msopencv-module-imgcodecs\binwp8_1\modules\ml\opencv_ml.dir\debug\tree.obj
d:\projects\opencv\msopencv-module-imgcodecs\binwp8_1\modules\ml\opencv_ml.dir\debug\ann_mlp.obj
d:\projects\opencv\msopencv-module-imgcodecs\binwp8_1\modules\ml\opencv_ml.dir\debug\lr.obj
d:\projects\opencv\msopencv-module-imgcodecs\binwp8_1\modules\ml\opencv_ml.dir\debug\svm.obj
d:\projects\opencv\msopencv-module-imgcodecs\binwp8_1\modules\ml\cmakefiles\generate.stamp
d:\projects\opencv\msopencv-module-imgcodecs\binwp8_1\bin\debug\opencv_ml300d.dll
d:\projects\opencv\msopencv-module-imgcodecs\binwp8_1\modules\ml\opencv_ml.dir\debug\opencv_ml300d.dll.intermediate.manifest
d:\projects\opencv\msopencv-module-imgcodecs\binwp8_1\bin\debug\opencv_ml300d.pdb
d:\projects\opencv\msopencv-module-imgcodecs\binwp8_1\bin\debug\opencv_ml300d.manifest
d:\projects\opencv\msopencv-module-imgcodecs\binwp8_1\lib\debug\opencv_ml300d.lib
d:\projects\opencv\msopencv-module-imgcodecs\binwp8_1\lib\debug\opencv_ml300d.exp
d:\projects\opencv\msopencv-module-imgcodecs\binwp8_1\modules\ml\opencv_ml.dir\debug\priconfig.xml
d:\projects\opencv\msopencv-module-imgcodecs\binwp8_1\modules\ml\opencv_ml.dir\debug\priconfig.xml.intermediate
d:\projects\opencv\msopencv-module-imgcodecs\binwp8_1\modules\ml\opencv_ml.dir\debug\layout.resfiles
d:\projects\opencv\msopencv-module-imgcodecs\binwp8_1\modules\ml\opencv_ml.dir\debug\layout.resfiles.intermediate
d:\projects\opencv\msopencv-module-imgcodecs\binwp8_1\modules\ml\opencv_ml.dir\debug\resources.resfiles
d:\projects\opencv\msopencv-module-imgcodecs\binwp8_1\modules\ml\opencv_ml.dir\debug\resources.resfiles.intermediate
d:\projects\opencv\msopencv-module-imgcodecs\binwp8_1\modules\ml\opencv_ml.dir\debug\pri.resfiles
d:\projects\opencv\msopencv-module-imgcodecs\binwp8_1\modules\ml\opencv_ml.dir\debug\pri.resfiles.intermediate
d:\projects\opencv\msopencv-module-imgcodecs\binwp8_1\bin\debug\opencv_ml300d.pri
d:\projects\opencv\msopencv-module-imgcodecs\binwp8_1\modules\ml\opencv_ml.dir\debug\qualifiers.txt
d:\projects\opencv\msopencv-module-imgcodecs\binwp8_1\modules\ml\opencv_ml.dir\debug\qualifiers.txt.intermediate
d:\projects\opencv\msopencv-module-imgcodecs\binwp8_1\modules\ml\opencv_ml.dir\debug\multiplequalifiersperdimensionfound.txt
d:\projects\opencv\msopencv-module-imgcodecs\binwp8_1\modules\ml\opencv_ml.dir\debug\opencv_ml.tlog\cl.command.1.tlog
d:\projects\opencv\msopencv-module-imgcodecs\binwp8_1\modules\ml\opencv_ml.dir\debug\opencv_ml.tlog\cl.read.1.tlog
d:\projects\opencv\msopencv-module-imgcodecs\binwp8_1\modules\ml\opencv_ml.dir\debug\opencv_ml.tlog\cl.write.1.tlog
d:\projects\opencv\msopencv-module-imgcodecs\binwp8_1\modules\ml\opencv_ml.dir\debug\opencv_ml.tlog\custombuild.command.1.tlog
d:\projects\opencv\msopencv-module-imgcodecs\binwp8_1\modules\ml\opencv_ml.dir\debug\opencv_ml.tlog\custombuild.read.1.tlog
d:\projects\opencv\msopencv-module-imgcodecs\binwp8_1\modules\ml\opencv_ml.dir\debug\opencv_ml.tlog\custombuild.write.1.tlog
d:\projects\opencv\msopencv-module-imgcodecs\binwp8_1\modules\ml\opencv_ml.dir\debug\opencv_ml.tlog\link.command.1.tlog
d:\projects\opencv\msopencv-module-imgcodecs\binwp8_1\modules\ml\opencv_ml.dir\debug\opencv_ml.tlog\link.read.1.tlog
d:\projects\opencv\msopencv-module-imgcodecs\binwp8_1\modules\ml\opencv_ml.dir\debug\opencv_ml.tlog\link.write.1.tlog
d:\projects\opencv\msopencv-module-imgcodecs\binwp8_1\modules\ml\opencv_ml.dir\debug\opencv_ml.tlog\mt.command.1.tlog
d:\projects\opencv\msopencv-module-imgcodecs\binwp8_1\modules\ml\opencv_ml.dir\debug\opencv_ml.tlog\mt.read.1.tlog
d:\projects\opencv\msopencv-module-imgcodecs\binwp8_1\modules\ml\opencv_ml.dir\debug\opencv_ml.tlog\mt.write.1.tlog
d:\projects\opencv\msopencv-module-imgcodecs\binwp8_1\modules\ml\opencv_ml.dir\debug\opencv_ml.tlog\opencv_ml.read.1u.tlog
d:\projects\opencv\msopencv-module-imgcodecs\binwp8_1\modules\ml\opencv_ml.dir\debug\opencv_ml.tlog\opencv_ml.write.1u.tlog
